09-06-2022 @ 08:06:58 - ---[ New import started at 2022-09-06 08:06:58 ] PHP Memory: 512 MB, WP Memory: 40 MB
09-06-2022 @ 08:06:58 - Preparing for import.
09-06-2022 @ 08:06:58 - Row :1 - Parsing item.
09-06-2022 @ 08:06:58 - Row :1 - Parsing failed. Reason: User with same Email already exists. Email: david.morel@colegioaleman.com
09-06-2022 @ 08:06:58 - Row :2 - Parsing item.
09-06-2022 @ 08:06:58 - Row :2 - Parsing failed. Reason: User with same Email already exists. Email: Prueba_Usuario_2@prueba.com
09-06-2022 @ 08:06:58 - Row :3 - Parsing item.
09-06-2022 @ 08:06:58 - Row :3 - Parsing failed. Reason: User with same Email already exists. Email: pepe@pep.com
09-06-2022 @ 08:06:58 - Row :4 - Parsing item.
09-06-2022 @ 08:06:58 - Row :4 - Parsing failed. Reason: User with same Email already exists. Email: prueba@prueba.com
09-06-2022 @ 08:06:58 - Row :5 - Parsing item.
09-06-2022 @ 08:06:58 - Row :5 - Parsing failed. Reason: User with same Email already exists. Email: prueba1@prueba.com
09-06-2022 @ 08:06:58 - Row :6 - Parsing item.
09-06-2022 @ 08:06:58 - Row :6 - Parsing failed. Reason: User with same Email already exists. Email: prueba2@prueba.com
09-06-2022 @ 08:06:58 - Row :7 - Parsing item.
09-06-2022 @ 08:06:58 - Row :7 - Parsing failed. Reason: User with same Email already exists. Email: administrador@colegioaleman.com
09-06-2022 @ 08:06:58 - Row :8 - Parsing item.
09-06-2022 @ 08:06:58 - Row :8 - Parsing failed. Reason: User with same Email already exists. Email: 25146873F@colegioaleman.com
09-06-2022 @ 08:06:58 - Row :9 - Parsing item.
09-06-2022 @ 08:06:58 - Row :9 - Parsing failed. Reason: User with same Email already exists. Email: 33409214N@colegioaleman.com
09-06-2022 @ 08:06:58 - Row :10 - Parsing item.
09-06-2022 @ 08:06:58 - Row :10 - Parsing failed. Reason: User with same Email already exists. Email: 25162584D@colegioaleman.com
09-06-2022 @ 08:06:59 - Preparing for import.
09-06-2022 @ 08:06:59 - Row :11 - Parsing item.
09-06-2022 @ 08:06:59 - Row :11 - Parsing failed. Reason: User with same Email already exists. Email: 73156819Y@colegioaleman.com
09-06-2022 @ 08:06:59 - Row :12 - Parsing item.
09-06-2022 @ 08:06:59 - Row :12 - Parsing failed. Reason: User with same Email already exists. Email: 25443066Y@colegioaleman.com
09-06-2022 @ 08:06:59 - Row :13 - Parsing item.
09-06-2022 @ 08:06:59 - Row :13 - Parsing failed. Reason: User with same Email already exists. Email: 18164543V@colegioaleman.com
09-06-2022 @ 08:06:59 - Row :14 - Parsing item.
09-06-2022 @ 08:06:59 - Row :14 - Parsing failed. Reason: User with same Email already exists. Email: 25433676T@colegioaleman.com
09-06-2022 @ 08:06:59 - Row :15 - Parsing item.
09-06-2022 @ 08:06:59 - Row :15 - Parsing failed. Reason: User with same Email already exists. Email: 29108805M@colegioaleman.com
09-06-2022 @ 08:06:59 - Row :16 - Parsing item.
09-06-2022 @ 08:06:59 - Row :16 - Parsing failed. Reason: User with same Email already exists. Email: 25436511Y@colegioaleman.com
09-06-2022 @ 08:06:59 - Row :17 - Parsing item.
09-06-2022 @ 08:06:59 - Row :17 - Parsing failed. Reason: User with same Email already exists. Email: 17734386Y@colegioaleman.com
09-06-2022 @ 08:06:59 - Row :18 - Parsing item.
09-06-2022 @ 08:06:59 - Row :18 - Parsing failed. Reason: User with same Email already exists. Email: 17219559B@colegioaleman.com
09-06-2022 @ 08:06:59 - Row :19 - Parsing item.
09-06-2022 @ 08:06:59 - Row :19 - Parsing failed. Reason: User with same Email already exists. Email: 17723775K@colegioaleman.com
09-06-2022 @ 08:06:59 - Row :20 - Parsing item.
09-06-2022 @ 08:06:59 - Row :20 - Parsing failed. Reason: User with same Email already exists. Email: 25469712H@colegioaleman.com
09-06-2022 @ 08:06:59 - Preparing for import.
09-06-2022 @ 08:06:59 - Row :21 - Parsing item.
09-06-2022 @ 08:06:59 - Row :21 - Parsing failed. Reason: User with same Email already exists. Email: 25443691X@colegioaleman.com
09-06-2022 @ 08:06:59 - Row :22 - Parsing item.
09-06-2022 @ 08:06:59 - Row :22 - Parsing failed. Reason: User with same Email already exists. Email: 29111932G@colegioaleman.com
09-06-2022 @ 08:06:59 - Row :23 - Parsing item.
09-06-2022 @ 08:06:59 - Row :23 - Parsing failed. Reason: User with same Email already exists. Email: 25144165J@colegioaleman.com
09-06-2022 @ 08:06:59 - Row :24 - Parsing item.
09-06-2022 @ 08:06:59 - Row :24 - Parsing failed. Reason: User with same Email already exists. Email: 32776795R@colegioaleman.com
09-06-2022 @ 08:06:59 - Row :25 - Parsing item.
09-06-2022 @ 08:06:59 - Row :25 - Parsing failed. Reason: User with same Email already exists. Email: 25142915M@colegioaleman.com
09-06-2022 @ 08:06:59 - Row :26 - Parsing item.
09-06-2022 @ 08:06:59 - Row :26 - Parsing failed. Reason: User with same Email already exists. Email: 17731842S@colegioaleman.com
09-06-2022 @ 08:06:59 - Row :27 - Parsing item.
09-06-2022 @ 08:06:59 - Row :27 - Parsing failed. Reason: User with same Email already exists. Email: 73131710J@colegioaleman.com
09-06-2022 @ 08:06:59 - Row :28 - Parsing item.
09-06-2022 @ 08:06:59 - Row :28 - Parsing failed. Reason: User with same Email already exists. Email: 25156266Q@colegioaleman.com
09-06-2022 @ 08:06:59 - Row :29 - Parsing item.
09-06-2022 @ 08:06:59 - Row :29 - Parsing failed. Reason: User with same Email already exists. Email: 25463050A@colegioaleman.com
09-06-2022 @ 08:06:59 - Row :30 - Parsing item.
09-06-2022 @ 08:06:59 - Row :30 - Parsing failed. Reason: User with same Email already exists. Email: 25451103Q@colegioaleman.com
09-06-2022 @ 08:07:00 - Preparing for import.
09-06-2022 @ 08:07:00 - Row :31 - Parsing item.
09-06-2022 @ 08:07:00 - Row :31 - Parsing failed. Reason: User with same Email already exists. Email: 25176622V@colegioaleman.com
09-06-2022 @ 08:07:00 - Row :32 - Parsing item.
09-06-2022 @ 08:07:00 - Row :32 - Parsing failed. Reason: User with same Email already exists. Email: 25453586S@colegioaleman.com
09-06-2022 @ 08:07:00 - Row :33 - Parsing item.
09-06-2022 @ 08:07:00 - Row :33 - Parsing failed. Reason: User with same Email already exists. Email: 29110444B@colegioaleman.com
09-06-2022 @ 08:07:00 - Row :34 - Parsing item.
09-06-2022 @ 08:07:00 - Row :34 - Parsing failed. Reason: User with same Email already exists. Email: 36148819H@colegioaleman.com
09-06-2022 @ 08:07:00 - Row :35 - Parsing item.
09-06-2022 @ 08:07:00 - Row :35 - Parsing failed. Reason: User with same Email already exists. Email: 52795269B@colegioaleman.com
09-06-2022 @ 08:07:00 - Row :36 - Parsing item.
09-06-2022 @ 08:07:00 - Row :36 - Parsing failed. Reason: User with same Email already exists. Email: 25360772Y@colegioaleman.com
09-06-2022 @ 08:07:00 - Row :37 - Parsing item.
09-06-2022 @ 08:07:00 - Row :37 - Parsing failed. Reason: User with same Email already exists. Email: 29100323X@colegioaleman.com
09-06-2022 @ 08:07:00 - Row :38 - Parsing item.
09-06-2022 @ 08:07:00 - Row :38 - Parsing failed. Reason: User with same Email already exists. Email: 17162516P@colegioaleman.com
09-06-2022 @ 08:07:00 - Row :39 - Parsing item.
09-06-2022 @ 08:07:00 - Row :39 - Parsing failed. Reason: User with same Email already exists. Email: 25175122N@colegioaleman.com
09-06-2022 @ 08:07:00 - Row :40 - Parsing item.
09-06-2022 @ 08:07:00 - Row :40 - Parsing failed. Reason: User with same Email already exists. Email: 25150616R@colegioaleman.com
09-06-2022 @ 08:07:00 - Preparing for import.
09-06-2022 @ 08:07:00 - Row :41 - Parsing item.
09-06-2022 @ 08:07:00 - Row :41 - Parsing failed. Reason: User with same Email already exists. Email: 16590381K@colegioaleman.com
09-06-2022 @ 08:07:00 - Row :42 - Parsing item.
09-06-2022 @ 08:07:00 - Row :42 - Parsing failed. Reason: User with same Email already exists. Email: 30656191C@colegioaleman.com
09-06-2022 @ 08:07:00 - Row :43 - Parsing item.
09-06-2022 @ 08:07:00 - Row :43 - Parsing failed. Reason: User with same Email already exists. Email: 16546643Y@colegioaleman.com
09-06-2022 @ 08:07:00 - Row :44 - Parsing item.
09-06-2022 @ 08:07:00 - Row :44 - Parsing failed. Reason: User with same Email already exists. Email: 17721524R@colegioaleman.com
09-06-2022 @ 08:07:00 - Row :45 - Parsing item.
09-06-2022 @ 08:07:00 - Row :45 - Parsing failed. Reason: User with same Email already exists. Email: 40983273X@colegioaleman.com
09-06-2022 @ 08:07:00 - Row :46 - Parsing item.
09-06-2022 @ 08:07:00 - Row :46 - Parsing failed. Reason: User with same Email already exists. Email: X4328469F@colegioaleman.com
09-06-2022 @ 08:07:00 - Row :47 - Parsing item.
09-06-2022 @ 08:07:00 - Row :47 - Parsing failed. Reason: User with same Email already exists. Email: 17735763A@colegioaleman.com
09-06-2022 @ 08:07:00 - Row :48 - Parsing item.
09-06-2022 @ 08:07:00 - Row :48 - Parsing failed. Reason: User with same Email already exists. Email: 25441274P@colegioaleman.com
09-06-2022 @ 08:07:00 - Row :49 - Parsing item.
09-06-2022 @ 08:07:00 - Row :49 - Parsing failed. Reason: User with same Email already exists. Email: 29108536N@colegioaleman.com
09-06-2022 @ 08:07:00 - Row :50 - Parsing item.
09-06-2022 @ 08:07:00 - Row :50 - Parsing failed. Reason: User with same Email already exists. Email: 25135052P@colegioaleman.com
09-06-2022 @ 08:07:01 - Preparing for import.
09-06-2022 @ 08:07:01 - Row :51 - Parsing item.
09-06-2022 @ 08:07:01 - Row :51 - Parsing failed. Reason: User with same Email already exists. Email: 29113084Y@colegioaleman.com
09-06-2022 @ 08:07:01 - Row :52 - Parsing item.
09-06-2022 @ 08:07:01 - Row :52 - Parsing failed. Reason: User with same Email already exists. Email: 18415028D@colegioaleman.com
09-06-2022 @ 08:07:01 - Row :53 - Parsing item.
09-06-2022 @ 08:07:01 - Row :53 - Parsing failed. Reason: User with same Email already exists. Email: 16806301V@colegioaleman.com
09-06-2022 @ 08:07:01 - Row :54 - Parsing item.
09-06-2022 @ 08:07:01 - Row :54 - Parsing failed. Reason: User with same Email already exists. Email: 25436700B@colegioaleman.com
09-06-2022 @ 08:07:01 - Row :55 - Parsing item.
09-06-2022 @ 08:07:01 - Row :55 - Parsing failed. Reason: User with same Email already exists. Email: 17746042R@colegioaleman.com
09-06-2022 @ 08:07:01 - Row :56 - Parsing item.
09-06-2022 @ 08:07:01 - Row :56 - Parsing failed. Reason: User with same Email already exists. Email: X3864295L@colegioaleman.com
09-06-2022 @ 08:07:01 - Row :57 - Parsing item.
09-06-2022 @ 08:07:01 - Row :57 - Parsing failed. Reason: User with same Email already exists. Email: 17710930X@colegioaleman.com
09-06-2022 @ 08:07:01 - Row :58 - Parsing item.
09-06-2022 @ 08:07:01 - Row :58 - Parsing failed. Reason: User with same Email already exists. Email: 29097870H@colegioaleman.com
09-06-2022 @ 08:07:01 - Row :59 - Parsing item.
09-06-2022 @ 08:07:01 - Row :59 - Parsing failed. Reason: User with same Email already exists. Email: 29089393M@colegioaleman.com
09-06-2022 @ 08:07:01 - Row :60 - Parsing item.
09-06-2022 @ 08:07:01 - Row :60 - Parsing failed. Reason: User with same Email already exists. Email: 17738607H@colegioaleman.com
09-06-2022 @ 08:07:01 - Preparing for import.
09-06-2022 @ 08:07:01 - Row :61 - Parsing item.
09-06-2022 @ 08:07:01 - Row :61 - Parsing failed. Reason: User with same Email already exists. Email: 17727651X@colegioaleman.com
09-06-2022 @ 08:07:01 - Row :62 - Parsing item.
09-06-2022 @ 08:07:01 - Row :62 - Parsing failed. Reason: User with same Email already exists. Email: 29090953R@colegioaleman.com
09-06-2022 @ 08:07:01 - Row :63 - Parsing item.
09-06-2022 @ 08:07:01 - Row :63 - Parsing failed. Reason: User with same Email already exists. Email: 18015448P@colegioaleman.com
09-06-2022 @ 08:07:01 - Row :64 - Parsing item.
09-06-2022 @ 08:07:01 - Row :64 - Parsing failed. Reason: User with same Email already exists. Email: 17854382B@colegioaleman.com
09-06-2022 @ 08:07:01 - Row :65 - Parsing item.
09-06-2022 @ 08:07:01 - Row :65 - Parsing failed. Reason: User with same Email already exists. Email: 29093452Q@colegioaleman.com
09-06-2022 @ 08:07:01 - Row :66 - Parsing item.
09-06-2022 @ 08:07:01 - Row :66 - Parsing failed. Reason: User with same Email already exists. Email: 25150535N@colegioaleman.com
09-06-2022 @ 08:07:01 - Row :67 - Parsing item.
09-06-2022 @ 08:07:01 - Row :67 - Parsing failed. Reason: User with same Email already exists. Email: 17725053B@colegioaleman.com
09-06-2022 @ 08:07:01 - Row :68 - Parsing item.
09-06-2022 @ 08:07:01 - Row :68 - Parsing failed. Reason: User with same Email already exists. Email: 29098901Z@colegioaleman.com
09-06-2022 @ 08:07:01 - Row :69 - Parsing item.
09-06-2022 @ 08:07:01 - Row :69 - Parsing failed. Reason: User with same Email already exists. Email: 52442419G@colegioaleman.com
09-06-2022 @ 08:07:01 - Row :70 - Parsing item.
09-06-2022 @ 08:07:01 - Row :70 - Parsing failed. Reason: User with same Email already exists. Email: 25444419W@colegioaleman.com
09-06-2022 @ 08:07:02 - Preparing for import.
09-06-2022 @ 08:07:02 - Row :71 - Parsing item.
09-06-2022 @ 08:07:02 - Row :71 - Parsing failed. Reason: User with same Email already exists. Email: 16806922V@colegioaleman.com
09-06-2022 @ 08:07:02 - Row :72 - Parsing item.
09-06-2022 @ 08:07:02 - Row :72 - Parsing failed. Reason: User with same Email already exists. Email: 29101508E@colegioaleman.com
09-06-2022 @ 08:07:02 - Row :73 - Parsing item.
09-06-2022 @ 08:07:02 - Row :73 - Parsing failed. Reason: User with same Email already exists. Email: 17727995D@colegioaleman.com
09-06-2022 @ 08:07:02 - Row :74 - Parsing item.
09-06-2022 @ 08:07:02 - Row :74 - Parsing failed. Reason: User with same Email already exists. Email: 13165028N@colegioaleman.com
09-06-2022 @ 08:07:02 - Row :75 - Parsing item.
09-06-2022 @ 08:07:02 - Row :75 - Parsing failed. Reason: User with same Email already exists. Email: 73243267C@colegioaleman.com
09-06-2022 @ 08:07:02 - Row :76 - Parsing item.
09-06-2022 @ 08:07:02 - Row :76 - Parsing failed. Reason: User with same Email already exists. Email: 25436001W@colegioaleman.com
09-06-2022 @ 08:07:02 - Row :77 - Parsing item.
09-06-2022 @ 08:07:02 - Row :77 - Parsing failed. Reason: User with same Email already exists. Email: 25159709D@colegioaleman.com
09-06-2022 @ 08:07:02 - Row :78 - Parsing item.
09-06-2022 @ 08:07:02 - Row :78 - Parsing failed. Reason: User with same Email already exists. Email: 25159337M@colegioaleman.com
09-06-2022 @ 08:07:02 - Row :79 - Parsing item.
09-06-2022 @ 08:07:02 - Row :79 - Parsing failed. Reason: User with same Email already exists. Email: 25447252Y@colegioaleman.com
09-06-2022 @ 08:07:02 - Row :80 - Parsing item.
09-06-2022 @ 08:07:02 - Row :80 - Parsing failed. Reason: User with same Email already exists. Email: 18419923M@colegioaleman.com
09-06-2022 @ 08:07:02 - Preparing for import.
09-06-2022 @ 08:07:02 - Row :81 - Parsing item.
09-06-2022 @ 08:07:02 - Row :81 - Parsing failed. Reason: User with same Email already exists. Email: 08973512Q@colegioaleman.com
09-06-2022 @ 08:07:02 - Row :82 - Parsing item.
09-06-2022 @ 08:07:02 - Row :82 - Parsing failed. Reason: User with same Email already exists. Email: 29086987Z@colegioaleman.com
09-06-2022 @ 08:07:02 - Row :83 - Parsing item.
09-06-2022 @ 08:07:02 - Row :83 - Parsing failed. Reason: User with same Email already exists. Email: 46054077G@colegioaleman.com
09-06-2022 @ 08:07:02 - Row :84 - Parsing item.
09-06-2022 @ 08:07:02 - Row :84 - Parsing failed. Reason: User with same Email already exists. Email: 29105151P@colegioaleman.com
09-06-2022 @ 08:07:02 - Row :85 - Parsing item.
09-06-2022 @ 08:07:02 - Row :85 - Parsing failed. Reason: User with same Email already exists. Email: 18032509A@colegioaleman.com
09-06-2022 @ 08:07:02 - Row :86 - Parsing item.
09-06-2022 @ 08:07:02 - Row :86 - Parsing failed. Reason: User with same Email already exists. Email: 25154340E@colegioaleman.com
09-06-2022 @ 08:07:02 - Row :87 - Parsing item.
09-06-2022 @ 08:07:02 - Row :87 - Parsing failed. Reason: User with same Email already exists. Email: 25140106W@colegioaleman.com
09-06-2022 @ 08:07:02 - Row :88 - Parsing item.
09-06-2022 @ 08:07:02 - Row :88 - Parsing failed. Reason: User with same Email already exists. Email: 29120767F@colegioaleman.com
09-06-2022 @ 08:07:02 - Row :89 - Parsing item.
09-06-2022 @ 08:07:02 - Row :89 - Parsing failed. Reason: User with same Email already exists. Email: 17734634R@colegioaleman.com
09-06-2022 @ 08:07:02 - Row :90 - Parsing item.
09-06-2022 @ 08:07:02 - Row :90 - Parsing failed. Reason: User with same Email already exists. Email: 73068384Y@colegioaleman.com
09-06-2022 @ 08:07:03 - Preparing for import.
09-06-2022 @ 08:07:03 - Row :91 - Parsing item.
09-06-2022 @ 08:07:03 - Row :91 - Parsing failed. Reason: User with same Email already exists. Email: 29126293J@colegioaleman.com
09-06-2022 @ 08:07:03 - Row :92 - Parsing item.
09-06-2022 @ 08:07:03 - Row :92 - Parsing failed. Reason: User with same Email already exists. Email: 17722497P@colegioaleman.com
09-06-2022 @ 08:07:03 - Row :93 - Parsing item.
09-06-2022 @ 08:07:03 - Row :93 - Parsing failed. Reason: User with same Email already exists. Email: 25178496M@colegioaleman.com
09-06-2022 @ 08:07:03 - Row :94 - Parsing item.
09-06-2022 @ 08:07:03 - Row :94 - Parsing failed. Reason: User with same Email already exists. Email: X4869440H@colegioaleman.com
09-06-2022 @ 08:07:03 - Row :95 - Parsing item.
09-06-2022 @ 08:07:03 - Row :95 - Parsing failed. Reason: User with same Email already exists. Email: 33429872Q@colegioaleman.com
09-06-2022 @ 08:07:03 - Row :96 - Parsing item.
09-06-2022 @ 08:07:03 - Row :96 - Parsing failed. Reason: User with same Email already exists. Email: 17715297F@colegioaleman.com
09-06-2022 @ 08:07:03 - Row :97 - Parsing item.
09-06-2022 @ 08:07:03 - Row :97 - Parsing failed. Reason: User with same Email already exists. Email: 25456629E@colegioaleman.com
09-06-2022 @ 08:07:03 - Row :98 - Parsing item.
09-06-2022 @ 08:07:03 - Row :98 - Parsing failed. Reason: User with same Email already exists. Email: 25173425V@colegioaleman.com
09-06-2022 @ 08:07:03 - Row :99 - Parsing item.
09-06-2022 @ 08:07:03 - Row :99 - Parsing failed. Reason: User with same Email already exists. Email: 17729393G@colegioaleman.com
09-06-2022 @ 08:07:03 - Row :100 - Parsing item.
09-06-2022 @ 08:07:03 - Row :100 - Parsing failed. Reason: User with same Email already exists. Email: 17731452Q@colegioaleman.com
09-06-2022 @ 08:07:04 - Preparing for import.
09-06-2022 @ 08:07:04 - Row :101 - Parsing item.
09-06-2022 @ 08:07:04 - Row :101 - Parsing failed. Reason: User with same Email already exists. Email: 33325309B@colegioaleman.com
09-06-2022 @ 08:07:04 - Row :102 - Parsing item.
09-06-2022 @ 08:07:04 - Row :102 - Parsing failed. Reason: User with same Email already exists. Email: 25468523W@colegioaleman.com
09-06-2022 @ 08:07:04 - Row :103 - Parsing item.
09-06-2022 @ 08:07:04 - Row :103 - Parsing failed. Reason: User with same Email already exists. Email: 25451495V@colegioaleman.com
09-06-2022 @ 08:07:04 - Row :104 - Parsing item.
09-06-2022 @ 08:07:04 - Row :104 - Parsing failed. Reason: User with same Email already exists. Email: 25159049Q@colegioaleman.com
09-06-2022 @ 08:07:04 - Row :105 - Parsing item.
09-06-2022 @ 08:07:04 - Row :105 - Parsing failed. Reason: User with same Email already exists. Email: 25453399N@colegioaleman.com
09-06-2022 @ 08:07:04 - Row :106 - Parsing item.
09-06-2022 @ 08:07:04 - Row :106 - Parsing failed. Reason: User with same Email already exists. Email: 18037573F@colegioaleman.com
09-06-2022 @ 08:07:04 - Row :107 - Parsing item.
09-06-2022 @ 08:07:04 - Row :107 - Parsing failed. Reason: User with same Email already exists. Email: 17871718M@colegioaleman.com
09-06-2022 @ 08:07:04 - Row :108 - Parsing item.
09-06-2022 @ 08:07:04 - Row :108 - Parsing failed. Reason: User with same Email already exists. Email: 73244394C@colegioaleman.com
09-06-2022 @ 08:07:04 - Row :109 - Parsing item.
09-06-2022 @ 08:07:04 - Row :109 - Parsing failed. Reason: User with same Email already exists. Email: 25190889R@colegioaleman.com
09-06-2022 @ 08:07:04 - Row :110 - Parsing item.
09-06-2022 @ 08:07:04 - Row :110 - Parsing failed. Reason: User with same Email already exists. Email: 25141253E@colegioaleman.com
09-06-2022 @ 08:07:04 - Preparing for import.
09-06-2022 @ 08:07:04 - Row :111 - Parsing item.
09-06-2022 @ 08:07:04 - Row :111 - Parsing failed. Reason: User with same Email already exists. Email: 16808526B@colegioaleman.com
09-06-2022 @ 08:07:04 - Row :112 - Parsing item.
09-06-2022 @ 08:07:04 - Row :112 - Parsing failed. Reason: User with same Email already exists. Email: 25151015D@colegioaleman.com
09-06-2022 @ 08:07:04 - Row :113 - Parsing item.
09-06-2022 @ 08:07:04 - Row :113 - Parsing failed. Reason: User with same Email already exists. Email: 25154136W@colegioaleman.com
09-06-2022 @ 08:07:04 - Row :114 - Parsing item.
09-06-2022 @ 08:07:04 - Row :114 - Parsing failed. Reason: User with same Email already exists. Email: 17742669D@colegioaleman.com
09-06-2022 @ 08:07:04 - Row :115 - Parsing item.
09-06-2022 @ 08:07:04 - Row :115 - Parsing failed. Reason: User with same Email already exists. Email: 25159244G@colegioaleman.com
09-06-2022 @ 08:07:04 - Row :116 - Parsing item.
09-06-2022 @ 08:07:04 - Row :116 - Parsing failed. Reason: User with same Email already exists. Email: X2324129W@colegioaleman.com
09-06-2022 @ 08:07:04 - Row :117 - Parsing item.
09-06-2022 @ 08:07:04 - Row :117 - Parsing failed. Reason: User with same Email already exists. Email: 17748598G@colegioaleman.com
09-06-2022 @ 08:07:04 - Row :118 - Parsing item.
09-06-2022 @ 08:07:04 - Row :118 - Parsing failed. Reason: User with same Email already exists. Email: 29114373F@colegioaleman.com
09-06-2022 @ 08:07:04 - Row :119 - Parsing item.
09-06-2022 @ 08:07:04 - Row :119 - Parsing failed. Reason: User with same Email already exists. Email: 25166241D@colegioaleman.com
09-06-2022 @ 08:07:04 - Row :120 - Parsing item.
09-06-2022 @ 08:07:04 - Row :120 - Parsing failed. Reason: User with same Email already exists. Email: 25167451T@colegioaleman.com
09-06-2022 @ 08:07:05 - Preparing for import.
09-06-2022 @ 08:07:05 - Row :121 - Parsing item.
09-06-2022 @ 08:07:05 - Row :121 - Parsing failed. Reason: User with same Email already exists. Email: 29112099X@colegioaleman.com
09-06-2022 @ 08:07:05 - Row :122 - Parsing item.
09-06-2022 @ 08:07:05 - Row :122 - Parsing failed. Reason: User with same Email already exists. Email: 34262630J@colegioaleman.com
09-06-2022 @ 08:07:05 - Row :123 - Parsing item.
09-06-2022 @ 08:07:05 - Row :123 - Parsing failed. Reason: User with same Email already exists. Email: 00828793B@colegioaleman.com
09-06-2022 @ 08:07:05 - Row :124 - Parsing item.
09-06-2022 @ 08:07:05 - Row :124 - Parsing failed. Reason: User with same Email already exists. Email: 17714960S@colegioaleman.com
09-06-2022 @ 08:07:05 - Row :125 - Parsing item.
09-06-2022 @ 08:07:05 - Row :125 - Parsing failed. Reason: User with same Email already exists. Email: 17732879V@colegioaleman.com
09-06-2022 @ 08:07:05 - Row :126 - Parsing item.
09-06-2022 @ 08:07:05 - Row :126 - Parsing failed. Reason: User with same Email already exists. Email: 29103870S@colegioaleman.com
09-06-2022 @ 08:07:05 - Row :127 - Parsing item.
09-06-2022 @ 08:07:05 - Row :127 - Parsing failed. Reason: User with same Email already exists. Email: 25458508S@colegioaleman.com
09-06-2022 @ 08:07:05 - Row :128 - Parsing item.
09-06-2022 @ 08:07:05 - Row :128 - Parsing failed. Reason: User with same Email already exists. Email: 25146714D@colegioaleman.com
09-06-2022 @ 08:07:05 - Row :129 - Parsing item.
09-06-2022 @ 08:07:05 - Row :129 - Parsing failed. Reason: User with same Email already exists. Email: 21986765F@colegioaleman.com
09-06-2022 @ 08:07:05 - Row :130 - Parsing item.
09-06-2022 @ 08:07:05 - Row :130 - Parsing failed. Reason: User with same Email already exists. Email: 16012158H@colegioaleman.com
09-06-2022 @ 08:07:10 - Preparing for import.
09-06-2022 @ 08:07:10 - Row :131 - Parsing item.
09-06-2022 @ 08:07:10 - Row :131 - Parsing failed. Reason: User with same Email already exists. Email: 46732054X@colegioaleman.com
09-06-2022 @ 08:07:10 - Row :132 - Parsing item.
09-06-2022 @ 08:07:10 - Row :132 - Parsing failed. Reason: User with same Email already exists. Email: 25173272W@colegioaleman.com
09-06-2022 @ 08:07:10 - Row :133 - Parsing item.
09-06-2022 @ 08:07:10 - Row :133 - Parsing failed. Reason: User with same Email already exists. Email: 25136086F@colegioaleman.com
09-06-2022 @ 08:07:10 - Row :134 - Parsing item.
09-06-2022 @ 08:07:10 - Row :134 - Parsing failed. Reason: User with same Email already exists. Email: 25158448J@colegioaleman.com
09-06-2022 @ 08:07:10 - Row :135 - Parsing item.
09-06-2022 @ 08:07:10 - Row :135 - Parsing failed. Reason: User with same Email already exists. Email: 25455535D@colegioaleman.com
09-06-2022 @ 08:07:10 - Row :136 - Parsing item.
09-06-2022 @ 08:07:10 - Row :136 - Parsing failed. Reason: User with same Email already exists. Email: 29147785T@colegioaleman.com
09-06-2022 @ 08:07:10 - Row :137 - Parsing item.
09-06-2022 @ 08:07:10 - Row :137 - Parsing failed. Reason: User with same Email already exists. Email: 18016974Q@colegioaleman.com
09-06-2022 @ 08:07:10 - Row :138 - Parsing item.
09-06-2022 @ 08:07:10 - Row :138 - Parsing failed. Reason: User with same Email already exists. Email: 25432808Y@colegioaleman.com
09-06-2022 @ 08:07:10 - Row :139 - Parsing item.
09-06-2022 @ 08:07:10 - Row :139 - Parsing failed. Reason: User with same Email already exists. Email: 25154897G@colegioaleman.com
09-06-2022 @ 08:07:10 - Row :140 - Parsing item.
09-06-2022 @ 08:07:10 - Row :140 - Parsing failed. Reason: User with same Email already exists. Email: 18427047E@colegioaleman.com
09-06-2022 @ 08:07:10 - Preparing for import.
09-06-2022 @ 08:07:10 - Row :141 - Parsing item.
09-06-2022 @ 08:07:10 - Row :141 - Parsing failed. Reason: User with same Email already exists. Email: 25141972M@colegioaleman.com
09-06-2022 @ 08:07:10 - Row :142 - Parsing item.
09-06-2022 @ 08:07:10 - Row :142 - Parsing failed. Reason: User with same Email already exists. Email: 17725121X@colegioaleman.com
09-06-2022 @ 08:07:10 - Row :143 - Parsing item.
09-06-2022 @ 08:07:10 - Row :143 - Parsing failed. Reason: User with same Email already exists. Email: 17733808A@colegioaleman.com
09-06-2022 @ 08:07:10 - Row :144 - Parsing item.
09-06-2022 @ 08:07:10 - Row :144 - Parsing failed. Reason: User with same Email already exists. Email: 73154982D@colegioaleman.com
09-06-2022 @ 08:07:10 - Row :145 - Parsing item.
09-06-2022 @ 08:07:10 - Row :145 - Parsing failed. Reason: User with same Email already exists. Email: 17748685E@colegioaleman.com
09-06-2022 @ 08:07:10 - Row :146 - Parsing item.
09-06-2022 @ 08:07:10 - Row :146 - Parsing failed. Reason: User with same Email already exists. Email: 43813939C@colegioaleman.com
09-06-2022 @ 08:07:10 - Row :147 - Parsing item.
09-06-2022 @ 08:07:10 - Row :147 - Parsing failed. Reason: User with same Email already exists. Email: 29110595R@colegioaleman.com
09-06-2022 @ 08:07:10 - Row :148 - Parsing item.
09-06-2022 @ 08:07:10 - Row :148 - Parsing failed. Reason: User with same Email already exists. Email: 17725943G@colegioaleman.com
09-06-2022 @ 08:07:10 - Row :149 - Parsing item.
09-06-2022 @ 08:07:10 - Row :149 - Parsing failed. Reason: User with same Email already exists. Email: 74191594B@colegioaleman.com
09-06-2022 @ 08:07:10 - Row :150 - Parsing item.
09-06-2022 @ 08:07:10 - Row :150 - Parsing failed. Reason: User with same Email already exists. Email: 29085523E@colegioaleman.com
09-06-2022 @ 08:07:11 - Preparing for import.
09-06-2022 @ 08:07:11 - Row :151 - Parsing item.
09-06-2022 @ 08:07:11 - Row :151 - Parsing failed. Reason: User with same Email already exists. Email: 25165723C@colegioaleman.com
09-06-2022 @ 08:07:11 - Row :152 - Parsing item.
09-06-2022 @ 08:07:11 - Row :152 - Parsing failed. Reason: User with same Email already exists. Email: 25167425C@colegioaleman.com
09-06-2022 @ 08:07:11 - Row :153 - Parsing item.
09-06-2022 @ 08:07:11 - Row :153 - Parsing failed. Reason: User with same Email already exists. Email: 25447263V@colegioaleman.com
09-06-2022 @ 08:07:11 - Row :154 - Parsing item.
09-06-2022 @ 08:07:11 - Row :154 - Parsing failed. Reason: User with same Email already exists. Email: 25155024Q@colegioaleman.com
09-06-2022 @ 08:07:11 - Row :155 - Parsing item.
09-06-2022 @ 08:07:11 - Row :155 - Parsing failed. Reason: User with same Email already exists. Email: 25154678S@colegioaleman.com
09-06-2022 @ 08:07:11 - Row :156 - Parsing item.
09-06-2022 @ 08:07:11 - Row :156 - Parsing failed. Reason: User with same Email already exists. Email: 29101234R@colegioaleman.com
09-06-2022 @ 08:07:11 - Row :157 - Parsing item.
09-06-2022 @ 08:07:11 - Row :157 - Parsing failed. Reason: User with same Email already exists. Email: 25452502N@colegioaleman.com
09-06-2022 @ 08:07:11 - Row :158 - Parsing item.
09-06-2022 @ 08:07:11 - Row :158 - Parsing failed. Reason: User with same Email already exists. Email: 29114381S@colegioaleman.com
09-06-2022 @ 08:07:11 - Row :159 - Parsing item.
09-06-2022 @ 08:07:11 - Row :159 - Parsing failed. Reason: User with same Email already exists. Email: 29093750S@colegioaleman.com
09-06-2022 @ 08:07:11 - Row :160 - Parsing item.
09-06-2022 @ 08:07:11 - Row :160 - Parsing failed. Reason: User with same Email already exists. Email: 25430115G@colegioaleman.com
