a:6:{s:3:"row";i:1;s:7:"message";s:73:"User with same Email already exists. Email: david.morel@colegioaleman.com";s:6:"status";b:0;s:10:"status_msg";s:14:"Failed/Skipped";s:7:"post_id";s:0:"";s:9:"post_link";a:2:{s:5:"title";s:11:"Sin título";s:8:"edit_url";b:0;}}
a:6:{s:3:"row";i:2;s:7:"message";s:71:"User with same Email already exists. Email: Prueba_Usuario_2@prueba.com";s:6:"status";b:0;s:10:"status_msg";s:14:"Failed/Skipped";s:7:"post_id";s:0:"";s:9:"post_link";a:2:{s:5:"title";s:11:"Sin título";s:8:"edit_url";b:0;}}
a:6:{s:3:"row";i:3;s:7:"message";s:56:"User with same Email already exists. Email: pepe@pep.com";s:6:"status";b:0;s:10:"status_msg";s:14:"Failed/Skipped";s:7:"post_id";s:0:"";s:9:"post_link";a:2:{s:5:"title";s:11:"Sin título";s:8:"edit_url";b:0;}}
a:6:{s:3:"row";i:4;s:7:"message";s:61:"User with same Email already exists. Email: prueba@prueba.com";s:6:"status";b:0;s:10:"status_msg";s:14:"Failed/Skipped";s:7:"post_id";s:0:"";s:9:"post_link";a:2:{s:5:"title";s:11:"Sin título";s:8:"edit_url";b:0;}}
a:6:{s:3:"row";i:5;s:7:"message";s:62:"User with same Email already exists. Email: prueba1@prueba.com";s:6:"status";b:0;s:10:"status_msg";s:14:"Failed/Skipped";s:7:"post_id";s:0:"";s:9:"post_link";a:2:{s:5:"title";s:11:"Sin título";s:8:"edit_url";b:0;}}
a:6:{s:3:"row";i:6;s:7:"message";s:62:"User with same Email already exists. Email: prueba2@prueba.com";s:6:"status";b:0;s:10:"status_msg";s:14:"Failed/Skipped";s:7:"post_id";s:0:"";s:9:"post_link";a:2:{s:5:"title";s:11:"Sin título";s:8:"edit_url";b:0;}}
a:6:{s:3:"row";i:7;s:7:"message";s:75:"User with same Email already exists. Email: administrador@colegioaleman.com";s:6:"status";b:0;s:10:"status_msg";s:14:"Failed/Skipped";s:7:"post_id";s:0:"";s:9:"post_link";a:2:{s:5:"title";s:11:"Sin título";s:8:"edit_url";b:0;}}
a:6:{s:3:"row";i:8;s:7:"message";s:71:"User with same Email already exists. Email: 25146873F@colegioaleman.com";s:6:"status";b:0;s:10:"status_msg";s:14:"Failed/Skipped";s:7:"post_id";s:0:"";s:9:"post_link";a:2:{s:5:"title";s:11:"Sin título";s:8:"edit_url";b:0;}}
a:6:{s:3:"row";i:9;s:7:"message";s:71:"User with same Email already exists. Email: 33409214N@colegioaleman.com";s:6:"status";b:0;s:10:"status_msg";s:14:"Failed/Skipped";s:7:"post_id";s:0:"";s:9:"post_link";a:2:{s:5:"title";s:11:"Sin título";s:8:"edit_url";b:0;}}
a:6:{s:3:"row";i:10;s:7:"message";s:71:"User with same Email already exists. Email: 25162584D@colegioaleman.com";s:6:"status";b:0;s:10:"status_msg";s:14:"Failed/Skipped";s:7:"post_id";s:0:"";s:9:"post_link";a:2:{s:5:"title";s:11:"Sin título";s:8:"edit_url";b:0;}}
a:6:{s:3:"row";i:11;s:7:"message";s:71:"User with same Email already exists. Email: 73156819Y@colegioaleman.com";s:6:"status";b:0;s:10:"status_msg";s:14:"Failed/Skipped";s:7:"post_id";s:0:"";s:9:"post_link";a:2:{s:5:"title";s:11:"Sin título";s:8:"edit_url";b:0;}}
a:6:{s:3:"row";i:12;s:7:"message";s:71:"User with same Email already exists. Email: 25443066Y@colegioaleman.com";s:6:"status";b:0;s:10:"status_msg";s:14:"Failed/Skipped";s:7:"post_id";s:0:"";s:9:"post_link";a:2:{s:5:"title";s:11:"Sin título";s:8:"edit_url";b:0;}}
a:6:{s:3:"row";i:13;s:7:"message";s:71:"User with same Email already exists. Email: 18164543V@colegioaleman.com";s:6:"status";b:0;s:10:"status_msg";s:14:"Failed/Skipped";s:7:"post_id";s:0:"";s:9:"post_link";a:2:{s:5:"title";s:11:"Sin título";s:8:"edit_url";b:0;}}
a:6:{s:3:"row";i:14;s:7:"message";s:71:"User with same Email already exists. Email: 25433676T@colegioaleman.com";s:6:"status";b:0;s:10:"status_msg";s:14:"Failed/Skipped";s:7:"post_id";s:0:"";s:9:"post_link";a:2:{s:5:"title";s:11:"Sin título";s:8:"edit_url";b:0;}}
a:6:{s:3:"row";i:15;s:7:"message";s:71:"User with same Email already exists. Email: 29108805M@colegioaleman.com";s:6:"status";b:0;s:10:"status_msg";s:14:"Failed/Skipped";s:7:"post_id";s:0:"";s:9:"post_link";a:2:{s:5:"title";s:11:"Sin título";s:8:"edit_url";b:0;}}
a:6:{s:3:"row";i:16;s:7:"message";s:71:"User with same Email already exists. Email: 25436511Y@colegioaleman.com";s:6:"status";b:0;s:10:"status_msg";s:14:"Failed/Skipped";s:7:"post_id";s:0:"";s:9:"post_link";a:2:{s:5:"title";s:11:"Sin título";s:8:"edit_url";b:0;}}
a:6:{s:3:"row";i:17;s:7:"message";s:71:"User with same Email already exists. Email: 17734386Y@colegioaleman.com";s:6:"status";b:0;s:10:"status_msg";s:14:"Failed/Skipped";s:7:"post_id";s:0:"";s:9:"post_link";a:2:{s:5:"title";s:11:"Sin título";s:8:"edit_url";b:0;}}
a:6:{s:3:"row";i:18;s:7:"message";s:71:"User with same Email already exists. Email: 17219559B@colegioaleman.com";s:6:"status";b:0;s:10:"status_msg";s:14:"Failed/Skipped";s:7:"post_id";s:0:"";s:9:"post_link";a:2:{s:5:"title";s:11:"Sin título";s:8:"edit_url";b:0;}}
a:6:{s:3:"row";i:19;s:7:"message";s:71:"User with same Email already exists. Email: 17723775K@colegioaleman.com";s:6:"status";b:0;s:10:"status_msg";s:14:"Failed/Skipped";s:7:"post_id";s:0:"";s:9:"post_link";a:2:{s:5:"title";s:11:"Sin título";s:8:"edit_url";b:0;}}
a:6:{s:3:"row";i:20;s:7:"message";s:71:"User with same Email already exists. Email: 25469712H@colegioaleman.com";s:6:"status";b:0;s:10:"status_msg";s:14:"Failed/Skipped";s:7:"post_id";s:0:"";s:9:"post_link";a:2:{s:5:"title";s:11:"Sin título";s:8:"edit_url";b:0;}}
a:6:{s:3:"row";i:21;s:7:"message";s:71:"User with same Email already exists. Email: 25443691X@colegioaleman.com";s:6:"status";b:0;s:10:"status_msg";s:14:"Failed/Skipped";s:7:"post_id";s:0:"";s:9:"post_link";a:2:{s:5:"title";s:11:"Sin título";s:8:"edit_url";b:0;}}
a:6:{s:3:"row";i:22;s:7:"message";s:71:"User with same Email already exists. Email: 29111932G@colegioaleman.com";s:6:"status";b:0;s:10:"status_msg";s:14:"Failed/Skipped";s:7:"post_id";s:0:"";s:9:"post_link";a:2:{s:5:"title";s:11:"Sin título";s:8:"edit_url";b:0;}}
a:6:{s:3:"row";i:23;s:7:"message";s:71:"User with same Email already exists. Email: 25144165J@colegioaleman.com";s:6:"status";b:0;s:10:"status_msg";s:14:"Failed/Skipped";s:7:"post_id";s:0:"";s:9:"post_link";a:2:{s:5:"title";s:11:"Sin título";s:8:"edit_url";b:0;}}
a:6:{s:3:"row";i:24;s:7:"message";s:71:"User with same Email already exists. Email: 32776795R@colegioaleman.com";s:6:"status";b:0;s:10:"status_msg";s:14:"Failed/Skipped";s:7:"post_id";s:0:"";s:9:"post_link";a:2:{s:5:"title";s:11:"Sin título";s:8:"edit_url";b:0;}}
a:6:{s:3:"row";i:25;s:7:"message";s:71:"User with same Email already exists. Email: 25142915M@colegioaleman.com";s:6:"status";b:0;s:10:"status_msg";s:14:"Failed/Skipped";s:7:"post_id";s:0:"";s:9:"post_link";a:2:{s:5:"title";s:11:"Sin título";s:8:"edit_url";b:0;}}
a:6:{s:3:"row";i:26;s:7:"message";s:71:"User with same Email already exists. Email: 17731842S@colegioaleman.com";s:6:"status";b:0;s:10:"status_msg";s:14:"Failed/Skipped";s:7:"post_id";s:0:"";s:9:"post_link";a:2:{s:5:"title";s:11:"Sin título";s:8:"edit_url";b:0;}}
a:6:{s:3:"row";i:27;s:7:"message";s:71:"User with same Email already exists. Email: 73131710J@colegioaleman.com";s:6:"status";b:0;s:10:"status_msg";s:14:"Failed/Skipped";s:7:"post_id";s:0:"";s:9:"post_link";a:2:{s:5:"title";s:11:"Sin título";s:8:"edit_url";b:0;}}
a:6:{s:3:"row";i:28;s:7:"message";s:71:"User with same Email already exists. Email: 25156266Q@colegioaleman.com";s:6:"status";b:0;s:10:"status_msg";s:14:"Failed/Skipped";s:7:"post_id";s:0:"";s:9:"post_link";a:2:{s:5:"title";s:11:"Sin título";s:8:"edit_url";b:0;}}
a:6:{s:3:"row";i:29;s:7:"message";s:71:"User with same Email already exists. Email: 25463050A@colegioaleman.com";s:6:"status";b:0;s:10:"status_msg";s:14:"Failed/Skipped";s:7:"post_id";s:0:"";s:9:"post_link";a:2:{s:5:"title";s:11:"Sin título";s:8:"edit_url";b:0;}}
a:6:{s:3:"row";i:30;s:7:"message";s:71:"User with same Email already exists. Email: 25451103Q@colegioaleman.com";s:6:"status";b:0;s:10:"status_msg";s:14:"Failed/Skipped";s:7:"post_id";s:0:"";s:9:"post_link";a:2:{s:5:"title";s:11:"Sin título";s:8:"edit_url";b:0;}}
a:6:{s:3:"row";i:31;s:7:"message";s:71:"User with same Email already exists. Email: 25176622V@colegioaleman.com";s:6:"status";b:0;s:10:"status_msg";s:14:"Failed/Skipped";s:7:"post_id";s:0:"";s:9:"post_link";a:2:{s:5:"title";s:11:"Sin título";s:8:"edit_url";b:0;}}
a:6:{s:3:"row";i:32;s:7:"message";s:71:"User with same Email already exists. Email: 25453586S@colegioaleman.com";s:6:"status";b:0;s:10:"status_msg";s:14:"Failed/Skipped";s:7:"post_id";s:0:"";s:9:"post_link";a:2:{s:5:"title";s:11:"Sin título";s:8:"edit_url";b:0;}}
a:6:{s:3:"row";i:33;s:7:"message";s:71:"User with same Email already exists. Email: 29110444B@colegioaleman.com";s:6:"status";b:0;s:10:"status_msg";s:14:"Failed/Skipped";s:7:"post_id";s:0:"";s:9:"post_link";a:2:{s:5:"title";s:11:"Sin título";s:8:"edit_url";b:0;}}
a:6:{s:3:"row";i:34;s:7:"message";s:71:"User with same Email already exists. Email: 36148819H@colegioaleman.com";s:6:"status";b:0;s:10:"status_msg";s:14:"Failed/Skipped";s:7:"post_id";s:0:"";s:9:"post_link";a:2:{s:5:"title";s:11:"Sin título";s:8:"edit_url";b:0;}}
a:6:{s:3:"row";i:35;s:7:"message";s:71:"User with same Email already exists. Email: 52795269B@colegioaleman.com";s:6:"status";b:0;s:10:"status_msg";s:14:"Failed/Skipped";s:7:"post_id";s:0:"";s:9:"post_link";a:2:{s:5:"title";s:11:"Sin título";s:8:"edit_url";b:0;}}
a:6:{s:3:"row";i:36;s:7:"message";s:71:"User with same Email already exists. Email: 25360772Y@colegioaleman.com";s:6:"status";b:0;s:10:"status_msg";s:14:"Failed/Skipped";s:7:"post_id";s:0:"";s:9:"post_link";a:2:{s:5:"title";s:11:"Sin título";s:8:"edit_url";b:0;}}
a:6:{s:3:"row";i:37;s:7:"message";s:71:"User with same Email already exists. Email: 29100323X@colegioaleman.com";s:6:"status";b:0;s:10:"status_msg";s:14:"Failed/Skipped";s:7:"post_id";s:0:"";s:9:"post_link";a:2:{s:5:"title";s:11:"Sin título";s:8:"edit_url";b:0;}}
a:6:{s:3:"row";i:38;s:7:"message";s:71:"User with same Email already exists. Email: 17162516P@colegioaleman.com";s:6:"status";b:0;s:10:"status_msg";s:14:"Failed/Skipped";s:7:"post_id";s:0:"";s:9:"post_link";a:2:{s:5:"title";s:11:"Sin título";s:8:"edit_url";b:0;}}
a:6:{s:3:"row";i:39;s:7:"message";s:71:"User with same Email already exists. Email: 25175122N@colegioaleman.com";s:6:"status";b:0;s:10:"status_msg";s:14:"Failed/Skipped";s:7:"post_id";s:0:"";s:9:"post_link";a:2:{s:5:"title";s:11:"Sin título";s:8:"edit_url";b:0;}}
a:6:{s:3:"row";i:40;s:7:"message";s:71:"User with same Email already exists. Email: 25150616R@colegioaleman.com";s:6:"status";b:0;s:10:"status_msg";s:14:"Failed/Skipped";s:7:"post_id";s:0:"";s:9:"post_link";a:2:{s:5:"title";s:11:"Sin título";s:8:"edit_url";b:0;}}
a:6:{s:3:"row";i:41;s:7:"message";s:71:"User with same Email already exists. Email: 16590381K@colegioaleman.com";s:6:"status";b:0;s:10:"status_msg";s:14:"Failed/Skipped";s:7:"post_id";s:0:"";s:9:"post_link";a:2:{s:5:"title";s:11:"Sin título";s:8:"edit_url";b:0;}}
a:6:{s:3:"row";i:42;s:7:"message";s:71:"User with same Email already exists. Email: 30656191C@colegioaleman.com";s:6:"status";b:0;s:10:"status_msg";s:14:"Failed/Skipped";s:7:"post_id";s:0:"";s:9:"post_link";a:2:{s:5:"title";s:11:"Sin título";s:8:"edit_url";b:0;}}
a:6:{s:3:"row";i:43;s:7:"message";s:71:"User with same Email already exists. Email: 16546643Y@colegioaleman.com";s:6:"status";b:0;s:10:"status_msg";s:14:"Failed/Skipped";s:7:"post_id";s:0:"";s:9:"post_link";a:2:{s:5:"title";s:11:"Sin título";s:8:"edit_url";b:0;}}
a:6:{s:3:"row";i:44;s:7:"message";s:71:"User with same Email already exists. Email: 17721524R@colegioaleman.com";s:6:"status";b:0;s:10:"status_msg";s:14:"Failed/Skipped";s:7:"post_id";s:0:"";s:9:"post_link";a:2:{s:5:"title";s:11:"Sin título";s:8:"edit_url";b:0;}}
a:6:{s:3:"row";i:45;s:7:"message";s:71:"User with same Email already exists. Email: 40983273X@colegioaleman.com";s:6:"status";b:0;s:10:"status_msg";s:14:"Failed/Skipped";s:7:"post_id";s:0:"";s:9:"post_link";a:2:{s:5:"title";s:11:"Sin título";s:8:"edit_url";b:0;}}
a:6:{s:3:"row";i:46;s:7:"message";s:71:"User with same Email already exists. Email: X4328469F@colegioaleman.com";s:6:"status";b:0;s:10:"status_msg";s:14:"Failed/Skipped";s:7:"post_id";s:0:"";s:9:"post_link";a:2:{s:5:"title";s:11:"Sin título";s:8:"edit_url";b:0;}}
a:6:{s:3:"row";i:47;s:7:"message";s:71:"User with same Email already exists. Email: 17735763A@colegioaleman.com";s:6:"status";b:0;s:10:"status_msg";s:14:"Failed/Skipped";s:7:"post_id";s:0:"";s:9:"post_link";a:2:{s:5:"title";s:11:"Sin título";s:8:"edit_url";b:0;}}
a:6:{s:3:"row";i:48;s:7:"message";s:71:"User with same Email already exists. Email: 25441274P@colegioaleman.com";s:6:"status";b:0;s:10:"status_msg";s:14:"Failed/Skipped";s:7:"post_id";s:0:"";s:9:"post_link";a:2:{s:5:"title";s:11:"Sin título";s:8:"edit_url";b:0;}}
a:6:{s:3:"row";i:49;s:7:"message";s:71:"User with same Email already exists. Email: 29108536N@colegioaleman.com";s:6:"status";b:0;s:10:"status_msg";s:14:"Failed/Skipped";s:7:"post_id";s:0:"";s:9:"post_link";a:2:{s:5:"title";s:11:"Sin título";s:8:"edit_url";b:0;}}
a:6:{s:3:"row";i:50;s:7:"message";s:71:"User with same Email already exists. Email: 25135052P@colegioaleman.com";s:6:"status";b:0;s:10:"status_msg";s:14:"Failed/Skipped";s:7:"post_id";s:0:"";s:9:"post_link";a:2:{s:5:"title";s:11:"Sin título";s:8:"edit_url";b:0;}}
a:6:{s:3:"row";i:51;s:7:"message";s:71:"User with same Email already exists. Email: 29113084Y@colegioaleman.com";s:6:"status";b:0;s:10:"status_msg";s:14:"Failed/Skipped";s:7:"post_id";s:0:"";s:9:"post_link";a:2:{s:5:"title";s:11:"Sin título";s:8:"edit_url";b:0;}}
a:6:{s:3:"row";i:52;s:7:"message";s:71:"User with same Email already exists. Email: 18415028D@colegioaleman.com";s:6:"status";b:0;s:10:"status_msg";s:14:"Failed/Skipped";s:7:"post_id";s:0:"";s:9:"post_link";a:2:{s:5:"title";s:11:"Sin título";s:8:"edit_url";b:0;}}
a:6:{s:3:"row";i:53;s:7:"message";s:71:"User with same Email already exists. Email: 16806301V@colegioaleman.com";s:6:"status";b:0;s:10:"status_msg";s:14:"Failed/Skipped";s:7:"post_id";s:0:"";s:9:"post_link";a:2:{s:5:"title";s:11:"Sin título";s:8:"edit_url";b:0;}}
a:6:{s:3:"row";i:54;s:7:"message";s:71:"User with same Email already exists. Email: 25436700B@colegioaleman.com";s:6:"status";b:0;s:10:"status_msg";s:14:"Failed/Skipped";s:7:"post_id";s:0:"";s:9:"post_link";a:2:{s:5:"title";s:11:"Sin título";s:8:"edit_url";b:0;}}
a:6:{s:3:"row";i:55;s:7:"message";s:71:"User with same Email already exists. Email: 17746042R@colegioaleman.com";s:6:"status";b:0;s:10:"status_msg";s:14:"Failed/Skipped";s:7:"post_id";s:0:"";s:9:"post_link";a:2:{s:5:"title";s:11:"Sin título";s:8:"edit_url";b:0;}}
a:6:{s:3:"row";i:56;s:7:"message";s:71:"User with same Email already exists. Email: X3864295L@colegioaleman.com";s:6:"status";b:0;s:10:"status_msg";s:14:"Failed/Skipped";s:7:"post_id";s:0:"";s:9:"post_link";a:2:{s:5:"title";s:11:"Sin título";s:8:"edit_url";b:0;}}
a:6:{s:3:"row";i:57;s:7:"message";s:71:"User with same Email already exists. Email: 17710930X@colegioaleman.com";s:6:"status";b:0;s:10:"status_msg";s:14:"Failed/Skipped";s:7:"post_id";s:0:"";s:9:"post_link";a:2:{s:5:"title";s:11:"Sin título";s:8:"edit_url";b:0;}}
a:6:{s:3:"row";i:58;s:7:"message";s:71:"User with same Email already exists. Email: 29097870H@colegioaleman.com";s:6:"status";b:0;s:10:"status_msg";s:14:"Failed/Skipped";s:7:"post_id";s:0:"";s:9:"post_link";a:2:{s:5:"title";s:11:"Sin título";s:8:"edit_url";b:0;}}
a:6:{s:3:"row";i:59;s:7:"message";s:71:"User with same Email already exists. Email: 29089393M@colegioaleman.com";s:6:"status";b:0;s:10:"status_msg";s:14:"Failed/Skipped";s:7:"post_id";s:0:"";s:9:"post_link";a:2:{s:5:"title";s:11:"Sin título";s:8:"edit_url";b:0;}}
a:6:{s:3:"row";i:60;s:7:"message";s:71:"User with same Email already exists. Email: 17738607H@colegioaleman.com";s:6:"status";b:0;s:10:"status_msg";s:14:"Failed/Skipped";s:7:"post_id";s:0:"";s:9:"post_link";a:2:{s:5:"title";s:11:"Sin título";s:8:"edit_url";b:0;}}
a:6:{s:3:"row";i:61;s:7:"message";s:71:"User with same Email already exists. Email: 17727651X@colegioaleman.com";s:6:"status";b:0;s:10:"status_msg";s:14:"Failed/Skipped";s:7:"post_id";s:0:"";s:9:"post_link";a:2:{s:5:"title";s:11:"Sin título";s:8:"edit_url";b:0;}}
a:6:{s:3:"row";i:62;s:7:"message";s:71:"User with same Email already exists. Email: 29090953R@colegioaleman.com";s:6:"status";b:0;s:10:"status_msg";s:14:"Failed/Skipped";s:7:"post_id";s:0:"";s:9:"post_link";a:2:{s:5:"title";s:11:"Sin título";s:8:"edit_url";b:0;}}
a:6:{s:3:"row";i:63;s:7:"message";s:71:"User with same Email already exists. Email: 18015448P@colegioaleman.com";s:6:"status";b:0;s:10:"status_msg";s:14:"Failed/Skipped";s:7:"post_id";s:0:"";s:9:"post_link";a:2:{s:5:"title";s:11:"Sin título";s:8:"edit_url";b:0;}}
a:6:{s:3:"row";i:64;s:7:"message";s:71:"User with same Email already exists. Email: 17854382B@colegioaleman.com";s:6:"status";b:0;s:10:"status_msg";s:14:"Failed/Skipped";s:7:"post_id";s:0:"";s:9:"post_link";a:2:{s:5:"title";s:11:"Sin título";s:8:"edit_url";b:0;}}
a:6:{s:3:"row";i:65;s:7:"message";s:71:"User with same Email already exists. Email: 29093452Q@colegioaleman.com";s:6:"status";b:0;s:10:"status_msg";s:14:"Failed/Skipped";s:7:"post_id";s:0:"";s:9:"post_link";a:2:{s:5:"title";s:11:"Sin título";s:8:"edit_url";b:0;}}
a:6:{s:3:"row";i:66;s:7:"message";s:71:"User with same Email already exists. Email: 25150535N@colegioaleman.com";s:6:"status";b:0;s:10:"status_msg";s:14:"Failed/Skipped";s:7:"post_id";s:0:"";s:9:"post_link";a:2:{s:5:"title";s:11:"Sin título";s:8:"edit_url";b:0;}}
a:6:{s:3:"row";i:67;s:7:"message";s:71:"User with same Email already exists. Email: 17725053B@colegioaleman.com";s:6:"status";b:0;s:10:"status_msg";s:14:"Failed/Skipped";s:7:"post_id";s:0:"";s:9:"post_link";a:2:{s:5:"title";s:11:"Sin título";s:8:"edit_url";b:0;}}
a:6:{s:3:"row";i:68;s:7:"message";s:71:"User with same Email already exists. Email: 29098901Z@colegioaleman.com";s:6:"status";b:0;s:10:"status_msg";s:14:"Failed/Skipped";s:7:"post_id";s:0:"";s:9:"post_link";a:2:{s:5:"title";s:11:"Sin título";s:8:"edit_url";b:0;}}
a:6:{s:3:"row";i:69;s:7:"message";s:71:"User with same Email already exists. Email: 52442419G@colegioaleman.com";s:6:"status";b:0;s:10:"status_msg";s:14:"Failed/Skipped";s:7:"post_id";s:0:"";s:9:"post_link";a:2:{s:5:"title";s:11:"Sin título";s:8:"edit_url";b:0;}}
a:6:{s:3:"row";i:70;s:7:"message";s:71:"User with same Email already exists. Email: 25444419W@colegioaleman.com";s:6:"status";b:0;s:10:"status_msg";s:14:"Failed/Skipped";s:7:"post_id";s:0:"";s:9:"post_link";a:2:{s:5:"title";s:11:"Sin título";s:8:"edit_url";b:0;}}
a:6:{s:3:"row";i:71;s:7:"message";s:71:"User with same Email already exists. Email: 16806922V@colegioaleman.com";s:6:"status";b:0;s:10:"status_msg";s:14:"Failed/Skipped";s:7:"post_id";s:0:"";s:9:"post_link";a:2:{s:5:"title";s:11:"Sin título";s:8:"edit_url";b:0;}}
a:6:{s:3:"row";i:72;s:7:"message";s:71:"User with same Email already exists. Email: 29101508E@colegioaleman.com";s:6:"status";b:0;s:10:"status_msg";s:14:"Failed/Skipped";s:7:"post_id";s:0:"";s:9:"post_link";a:2:{s:5:"title";s:11:"Sin título";s:8:"edit_url";b:0;}}
a:6:{s:3:"row";i:73;s:7:"message";s:71:"User with same Email already exists. Email: 17727995D@colegioaleman.com";s:6:"status";b:0;s:10:"status_msg";s:14:"Failed/Skipped";s:7:"post_id";s:0:"";s:9:"post_link";a:2:{s:5:"title";s:11:"Sin título";s:8:"edit_url";b:0;}}
a:6:{s:3:"row";i:74;s:7:"message";s:71:"User with same Email already exists. Email: 13165028N@colegioaleman.com";s:6:"status";b:0;s:10:"status_msg";s:14:"Failed/Skipped";s:7:"post_id";s:0:"";s:9:"post_link";a:2:{s:5:"title";s:11:"Sin título";s:8:"edit_url";b:0;}}
a:6:{s:3:"row";i:75;s:7:"message";s:71:"User with same Email already exists. Email: 73243267C@colegioaleman.com";s:6:"status";b:0;s:10:"status_msg";s:14:"Failed/Skipped";s:7:"post_id";s:0:"";s:9:"post_link";a:2:{s:5:"title";s:11:"Sin título";s:8:"edit_url";b:0;}}
a:6:{s:3:"row";i:76;s:7:"message";s:71:"User with same Email already exists. Email: 25436001W@colegioaleman.com";s:6:"status";b:0;s:10:"status_msg";s:14:"Failed/Skipped";s:7:"post_id";s:0:"";s:9:"post_link";a:2:{s:5:"title";s:11:"Sin título";s:8:"edit_url";b:0;}}
a:6:{s:3:"row";i:77;s:7:"message";s:71:"User with same Email already exists. Email: 25159709D@colegioaleman.com";s:6:"status";b:0;s:10:"status_msg";s:14:"Failed/Skipped";s:7:"post_id";s:0:"";s:9:"post_link";a:2:{s:5:"title";s:11:"Sin título";s:8:"edit_url";b:0;}}
a:6:{s:3:"row";i:78;s:7:"message";s:71:"User with same Email already exists. Email: 25159337M@colegioaleman.com";s:6:"status";b:0;s:10:"status_msg";s:14:"Failed/Skipped";s:7:"post_id";s:0:"";s:9:"post_link";a:2:{s:5:"title";s:11:"Sin título";s:8:"edit_url";b:0;}}
a:6:{s:3:"row";i:79;s:7:"message";s:71:"User with same Email already exists. Email: 25447252Y@colegioaleman.com";s:6:"status";b:0;s:10:"status_msg";s:14:"Failed/Skipped";s:7:"post_id";s:0:"";s:9:"post_link";a:2:{s:5:"title";s:11:"Sin título";s:8:"edit_url";b:0;}}
a:6:{s:3:"row";i:80;s:7:"message";s:71:"User with same Email already exists. Email: 18419923M@colegioaleman.com";s:6:"status";b:0;s:10:"status_msg";s:14:"Failed/Skipped";s:7:"post_id";s:0:"";s:9:"post_link";a:2:{s:5:"title";s:11:"Sin título";s:8:"edit_url";b:0;}}
a:6:{s:3:"row";i:81;s:7:"message";s:71:"User with same Email already exists. Email: 08973512Q@colegioaleman.com";s:6:"status";b:0;s:10:"status_msg";s:14:"Failed/Skipped";s:7:"post_id";s:0:"";s:9:"post_link";a:2:{s:5:"title";s:11:"Sin título";s:8:"edit_url";b:0;}}
a:6:{s:3:"row";i:82;s:7:"message";s:71:"User with same Email already exists. Email: 29086987Z@colegioaleman.com";s:6:"status";b:0;s:10:"status_msg";s:14:"Failed/Skipped";s:7:"post_id";s:0:"";s:9:"post_link";a:2:{s:5:"title";s:11:"Sin título";s:8:"edit_url";b:0;}}
a:6:{s:3:"row";i:83;s:7:"message";s:71:"User with same Email already exists. Email: 46054077G@colegioaleman.com";s:6:"status";b:0;s:10:"status_msg";s:14:"Failed/Skipped";s:7:"post_id";s:0:"";s:9:"post_link";a:2:{s:5:"title";s:11:"Sin título";s:8:"edit_url";b:0;}}
a:6:{s:3:"row";i:84;s:7:"message";s:71:"User with same Email already exists. Email: 29105151P@colegioaleman.com";s:6:"status";b:0;s:10:"status_msg";s:14:"Failed/Skipped";s:7:"post_id";s:0:"";s:9:"post_link";a:2:{s:5:"title";s:11:"Sin título";s:8:"edit_url";b:0;}}
a:6:{s:3:"row";i:85;s:7:"message";s:71:"User with same Email already exists. Email: 18032509A@colegioaleman.com";s:6:"status";b:0;s:10:"status_msg";s:14:"Failed/Skipped";s:7:"post_id";s:0:"";s:9:"post_link";a:2:{s:5:"title";s:11:"Sin título";s:8:"edit_url";b:0;}}
a:6:{s:3:"row";i:86;s:7:"message";s:71:"User with same Email already exists. Email: 25154340E@colegioaleman.com";s:6:"status";b:0;s:10:"status_msg";s:14:"Failed/Skipped";s:7:"post_id";s:0:"";s:9:"post_link";a:2:{s:5:"title";s:11:"Sin título";s:8:"edit_url";b:0;}}
a:6:{s:3:"row";i:87;s:7:"message";s:71:"User with same Email already exists. Email: 25140106W@colegioaleman.com";s:6:"status";b:0;s:10:"status_msg";s:14:"Failed/Skipped";s:7:"post_id";s:0:"";s:9:"post_link";a:2:{s:5:"title";s:11:"Sin título";s:8:"edit_url";b:0;}}
a:6:{s:3:"row";i:88;s:7:"message";s:71:"User with same Email already exists. Email: 29120767F@colegioaleman.com";s:6:"status";b:0;s:10:"status_msg";s:14:"Failed/Skipped";s:7:"post_id";s:0:"";s:9:"post_link";a:2:{s:5:"title";s:11:"Sin título";s:8:"edit_url";b:0;}}
a:6:{s:3:"row";i:89;s:7:"message";s:71:"User with same Email already exists. Email: 17734634R@colegioaleman.com";s:6:"status";b:0;s:10:"status_msg";s:14:"Failed/Skipped";s:7:"post_id";s:0:"";s:9:"post_link";a:2:{s:5:"title";s:11:"Sin título";s:8:"edit_url";b:0;}}
a:6:{s:3:"row";i:90;s:7:"message";s:71:"User with same Email already exists. Email: 73068384Y@colegioaleman.com";s:6:"status";b:0;s:10:"status_msg";s:14:"Failed/Skipped";s:7:"post_id";s:0:"";s:9:"post_link";a:2:{s:5:"title";s:11:"Sin título";s:8:"edit_url";b:0;}}
a:6:{s:3:"row";i:91;s:7:"message";s:71:"User with same Email already exists. Email: 29126293J@colegioaleman.com";s:6:"status";b:0;s:10:"status_msg";s:14:"Failed/Skipped";s:7:"post_id";s:0:"";s:9:"post_link";a:2:{s:5:"title";s:11:"Sin título";s:8:"edit_url";b:0;}}
a:6:{s:3:"row";i:92;s:7:"message";s:71:"User with same Email already exists. Email: 17722497P@colegioaleman.com";s:6:"status";b:0;s:10:"status_msg";s:14:"Failed/Skipped";s:7:"post_id";s:0:"";s:9:"post_link";a:2:{s:5:"title";s:11:"Sin título";s:8:"edit_url";b:0;}}
a:6:{s:3:"row";i:93;s:7:"message";s:71:"User with same Email already exists. Email: 25178496M@colegioaleman.com";s:6:"status";b:0;s:10:"status_msg";s:14:"Failed/Skipped";s:7:"post_id";s:0:"";s:9:"post_link";a:2:{s:5:"title";s:11:"Sin título";s:8:"edit_url";b:0;}}
a:6:{s:3:"row";i:94;s:7:"message";s:71:"User with same Email already exists. Email: X4869440H@colegioaleman.com";s:6:"status";b:0;s:10:"status_msg";s:14:"Failed/Skipped";s:7:"post_id";s:0:"";s:9:"post_link";a:2:{s:5:"title";s:11:"Sin título";s:8:"edit_url";b:0;}}
a:6:{s:3:"row";i:95;s:7:"message";s:71:"User with same Email already exists. Email: 33429872Q@colegioaleman.com";s:6:"status";b:0;s:10:"status_msg";s:14:"Failed/Skipped";s:7:"post_id";s:0:"";s:9:"post_link";a:2:{s:5:"title";s:11:"Sin título";s:8:"edit_url";b:0;}}
a:6:{s:3:"row";i:96;s:7:"message";s:71:"User with same Email already exists. Email: 17715297F@colegioaleman.com";s:6:"status";b:0;s:10:"status_msg";s:14:"Failed/Skipped";s:7:"post_id";s:0:"";s:9:"post_link";a:2:{s:5:"title";s:11:"Sin título";s:8:"edit_url";b:0;}}
a:6:{s:3:"row";i:97;s:7:"message";s:71:"User with same Email already exists. Email: 25456629E@colegioaleman.com";s:6:"status";b:0;s:10:"status_msg";s:14:"Failed/Skipped";s:7:"post_id";s:0:"";s:9:"post_link";a:2:{s:5:"title";s:11:"Sin título";s:8:"edit_url";b:0;}}
a:6:{s:3:"row";i:98;s:7:"message";s:71:"User with same Email already exists. Email: 25173425V@colegioaleman.com";s:6:"status";b:0;s:10:"status_msg";s:14:"Failed/Skipped";s:7:"post_id";s:0:"";s:9:"post_link";a:2:{s:5:"title";s:11:"Sin título";s:8:"edit_url";b:0;}}
a:6:{s:3:"row";i:99;s:7:"message";s:71:"User with same Email already exists. Email: 17729393G@colegioaleman.com";s:6:"status";b:0;s:10:"status_msg";s:14:"Failed/Skipped";s:7:"post_id";s:0:"";s:9:"post_link";a:2:{s:5:"title";s:11:"Sin título";s:8:"edit_url";b:0;}}
a:6:{s:3:"row";i:100;s:7:"message";s:71:"User with same Email already exists. Email: 17731452Q@colegioaleman.com";s:6:"status";b:0;s:10:"status_msg";s:14:"Failed/Skipped";s:7:"post_id";s:0:"";s:9:"post_link";a:2:{s:5:"title";s:11:"Sin título";s:8:"edit_url";b:0;}}
a:6:{s:3:"row";i:101;s:7:"message";s:71:"User with same Email already exists. Email: 33325309B@colegioaleman.com";s:6:"status";b:0;s:10:"status_msg";s:14:"Failed/Skipped";s:7:"post_id";s:0:"";s:9:"post_link";a:2:{s:5:"title";s:11:"Sin título";s:8:"edit_url";b:0;}}
a:6:{s:3:"row";i:102;s:7:"message";s:71:"User with same Email already exists. Email: 25468523W@colegioaleman.com";s:6:"status";b:0;s:10:"status_msg";s:14:"Failed/Skipped";s:7:"post_id";s:0:"";s:9:"post_link";a:2:{s:5:"title";s:11:"Sin título";s:8:"edit_url";b:0;}}
a:6:{s:3:"row";i:103;s:7:"message";s:71:"User with same Email already exists. Email: 25451495V@colegioaleman.com";s:6:"status";b:0;s:10:"status_msg";s:14:"Failed/Skipped";s:7:"post_id";s:0:"";s:9:"post_link";a:2:{s:5:"title";s:11:"Sin título";s:8:"edit_url";b:0;}}
a:6:{s:3:"row";i:104;s:7:"message";s:71:"User with same Email already exists. Email: 25159049Q@colegioaleman.com";s:6:"status";b:0;s:10:"status_msg";s:14:"Failed/Skipped";s:7:"post_id";s:0:"";s:9:"post_link";a:2:{s:5:"title";s:11:"Sin título";s:8:"edit_url";b:0;}}
a:6:{s:3:"row";i:105;s:7:"message";s:71:"User with same Email already exists. Email: 25453399N@colegioaleman.com";s:6:"status";b:0;s:10:"status_msg";s:14:"Failed/Skipped";s:7:"post_id";s:0:"";s:9:"post_link";a:2:{s:5:"title";s:11:"Sin título";s:8:"edit_url";b:0;}}
a:6:{s:3:"row";i:106;s:7:"message";s:71:"User with same Email already exists. Email: 18037573F@colegioaleman.com";s:6:"status";b:0;s:10:"status_msg";s:14:"Failed/Skipped";s:7:"post_id";s:0:"";s:9:"post_link";a:2:{s:5:"title";s:11:"Sin título";s:8:"edit_url";b:0;}}
a:6:{s:3:"row";i:107;s:7:"message";s:71:"User with same Email already exists. Email: 17871718M@colegioaleman.com";s:6:"status";b:0;s:10:"status_msg";s:14:"Failed/Skipped";s:7:"post_id";s:0:"";s:9:"post_link";a:2:{s:5:"title";s:11:"Sin título";s:8:"edit_url";b:0;}}
a:6:{s:3:"row";i:108;s:7:"message";s:71:"User with same Email already exists. Email: 73244394C@colegioaleman.com";s:6:"status";b:0;s:10:"status_msg";s:14:"Failed/Skipped";s:7:"post_id";s:0:"";s:9:"post_link";a:2:{s:5:"title";s:11:"Sin título";s:8:"edit_url";b:0;}}
a:6:{s:3:"row";i:109;s:7:"message";s:71:"User with same Email already exists. Email: 25190889R@colegioaleman.com";s:6:"status";b:0;s:10:"status_msg";s:14:"Failed/Skipped";s:7:"post_id";s:0:"";s:9:"post_link";a:2:{s:5:"title";s:11:"Sin título";s:8:"edit_url";b:0;}}
a:6:{s:3:"row";i:110;s:7:"message";s:71:"User with same Email already exists. Email: 25141253E@colegioaleman.com";s:6:"status";b:0;s:10:"status_msg";s:14:"Failed/Skipped";s:7:"post_id";s:0:"";s:9:"post_link";a:2:{s:5:"title";s:11:"Sin título";s:8:"edit_url";b:0;}}
a:6:{s:3:"row";i:111;s:7:"message";s:71:"User with same Email already exists. Email: 16808526B@colegioaleman.com";s:6:"status";b:0;s:10:"status_msg";s:14:"Failed/Skipped";s:7:"post_id";s:0:"";s:9:"post_link";a:2:{s:5:"title";s:11:"Sin título";s:8:"edit_url";b:0;}}
a:6:{s:3:"row";i:112;s:7:"message";s:71:"User with same Email already exists. Email: 25151015D@colegioaleman.com";s:6:"status";b:0;s:10:"status_msg";s:14:"Failed/Skipped";s:7:"post_id";s:0:"";s:9:"post_link";a:2:{s:5:"title";s:11:"Sin título";s:8:"edit_url";b:0;}}
a:6:{s:3:"row";i:113;s:7:"message";s:71:"User with same Email already exists. Email: 25154136W@colegioaleman.com";s:6:"status";b:0;s:10:"status_msg";s:14:"Failed/Skipped";s:7:"post_id";s:0:"";s:9:"post_link";a:2:{s:5:"title";s:11:"Sin título";s:8:"edit_url";b:0;}}
a:6:{s:3:"row";i:114;s:7:"message";s:71:"User with same Email already exists. Email: 17742669D@colegioaleman.com";s:6:"status";b:0;s:10:"status_msg";s:14:"Failed/Skipped";s:7:"post_id";s:0:"";s:9:"post_link";a:2:{s:5:"title";s:11:"Sin título";s:8:"edit_url";b:0;}}
a:6:{s:3:"row";i:115;s:7:"message";s:71:"User with same Email already exists. Email: 25159244G@colegioaleman.com";s:6:"status";b:0;s:10:"status_msg";s:14:"Failed/Skipped";s:7:"post_id";s:0:"";s:9:"post_link";a:2:{s:5:"title";s:11:"Sin título";s:8:"edit_url";b:0;}}
a:6:{s:3:"row";i:116;s:7:"message";s:71:"User with same Email already exists. Email: X2324129W@colegioaleman.com";s:6:"status";b:0;s:10:"status_msg";s:14:"Failed/Skipped";s:7:"post_id";s:0:"";s:9:"post_link";a:2:{s:5:"title";s:11:"Sin título";s:8:"edit_url";b:0;}}
a:6:{s:3:"row";i:117;s:7:"message";s:71:"User with same Email already exists. Email: 17748598G@colegioaleman.com";s:6:"status";b:0;s:10:"status_msg";s:14:"Failed/Skipped";s:7:"post_id";s:0:"";s:9:"post_link";a:2:{s:5:"title";s:11:"Sin título";s:8:"edit_url";b:0;}}
a:6:{s:3:"row";i:118;s:7:"message";s:71:"User with same Email already exists. Email: 29114373F@colegioaleman.com";s:6:"status";b:0;s:10:"status_msg";s:14:"Failed/Skipped";s:7:"post_id";s:0:"";s:9:"post_link";a:2:{s:5:"title";s:11:"Sin título";s:8:"edit_url";b:0;}}
a:6:{s:3:"row";i:119;s:7:"message";s:71:"User with same Email already exists. Email: 25166241D@colegioaleman.com";s:6:"status";b:0;s:10:"status_msg";s:14:"Failed/Skipped";s:7:"post_id";s:0:"";s:9:"post_link";a:2:{s:5:"title";s:11:"Sin título";s:8:"edit_url";b:0;}}
a:6:{s:3:"row";i:120;s:7:"message";s:71:"User with same Email already exists. Email: 25167451T@colegioaleman.com";s:6:"status";b:0;s:10:"status_msg";s:14:"Failed/Skipped";s:7:"post_id";s:0:"";s:9:"post_link";a:2:{s:5:"title";s:11:"Sin título";s:8:"edit_url";b:0;}}
a:6:{s:3:"row";i:121;s:7:"message";s:71:"User with same Email already exists. Email: 29112099X@colegioaleman.com";s:6:"status";b:0;s:10:"status_msg";s:14:"Failed/Skipped";s:7:"post_id";s:0:"";s:9:"post_link";a:2:{s:5:"title";s:11:"Sin título";s:8:"edit_url";b:0;}}
a:6:{s:3:"row";i:122;s:7:"message";s:71:"User with same Email already exists. Email: 34262630J@colegioaleman.com";s:6:"status";b:0;s:10:"status_msg";s:14:"Failed/Skipped";s:7:"post_id";s:0:"";s:9:"post_link";a:2:{s:5:"title";s:11:"Sin título";s:8:"edit_url";b:0;}}
a:6:{s:3:"row";i:123;s:7:"message";s:71:"User with same Email already exists. Email: 00828793B@colegioaleman.com";s:6:"status";b:0;s:10:"status_msg";s:14:"Failed/Skipped";s:7:"post_id";s:0:"";s:9:"post_link";a:2:{s:5:"title";s:11:"Sin título";s:8:"edit_url";b:0;}}
a:6:{s:3:"row";i:124;s:7:"message";s:71:"User with same Email already exists. Email: 17714960S@colegioaleman.com";s:6:"status";b:0;s:10:"status_msg";s:14:"Failed/Skipped";s:7:"post_id";s:0:"";s:9:"post_link";a:2:{s:5:"title";s:11:"Sin título";s:8:"edit_url";b:0;}}
a:6:{s:3:"row";i:125;s:7:"message";s:71:"User with same Email already exists. Email: 17732879V@colegioaleman.com";s:6:"status";b:0;s:10:"status_msg";s:14:"Failed/Skipped";s:7:"post_id";s:0:"";s:9:"post_link";a:2:{s:5:"title";s:11:"Sin título";s:8:"edit_url";b:0;}}
a:6:{s:3:"row";i:126;s:7:"message";s:71:"User with same Email already exists. Email: 29103870S@colegioaleman.com";s:6:"status";b:0;s:10:"status_msg";s:14:"Failed/Skipped";s:7:"post_id";s:0:"";s:9:"post_link";a:2:{s:5:"title";s:11:"Sin título";s:8:"edit_url";b:0;}}
a:6:{s:3:"row";i:127;s:7:"message";s:71:"User with same Email already exists. Email: 25458508S@colegioaleman.com";s:6:"status";b:0;s:10:"status_msg";s:14:"Failed/Skipped";s:7:"post_id";s:0:"";s:9:"post_link";a:2:{s:5:"title";s:11:"Sin título";s:8:"edit_url";b:0;}}
a:6:{s:3:"row";i:128;s:7:"message";s:71:"User with same Email already exists. Email: 25146714D@colegioaleman.com";s:6:"status";b:0;s:10:"status_msg";s:14:"Failed/Skipped";s:7:"post_id";s:0:"";s:9:"post_link";a:2:{s:5:"title";s:11:"Sin título";s:8:"edit_url";b:0;}}
a:6:{s:3:"row";i:129;s:7:"message";s:71:"User with same Email already exists. Email: 21986765F@colegioaleman.com";s:6:"status";b:0;s:10:"status_msg";s:14:"Failed/Skipped";s:7:"post_id";s:0:"";s:9:"post_link";a:2:{s:5:"title";s:11:"Sin título";s:8:"edit_url";b:0;}}
a:6:{s:3:"row";i:130;s:7:"message";s:71:"User with same Email already exists. Email: 16012158H@colegioaleman.com";s:6:"status";b:0;s:10:"status_msg";s:14:"Failed/Skipped";s:7:"post_id";s:0:"";s:9:"post_link";a:2:{s:5:"title";s:11:"Sin título";s:8:"edit_url";b:0;}}
a:6:{s:3:"row";i:131;s:7:"message";s:71:"User with same Email already exists. Email: 46732054X@colegioaleman.com";s:6:"status";b:0;s:10:"status_msg";s:14:"Failed/Skipped";s:7:"post_id";s:0:"";s:9:"post_link";a:2:{s:5:"title";s:11:"Sin título";s:8:"edit_url";b:0;}}
a:6:{s:3:"row";i:132;s:7:"message";s:71:"User with same Email already exists. Email: 25173272W@colegioaleman.com";s:6:"status";b:0;s:10:"status_msg";s:14:"Failed/Skipped";s:7:"post_id";s:0:"";s:9:"post_link";a:2:{s:5:"title";s:11:"Sin título";s:8:"edit_url";b:0;}}
a:6:{s:3:"row";i:133;s:7:"message";s:71:"User with same Email already exists. Email: 25136086F@colegioaleman.com";s:6:"status";b:0;s:10:"status_msg";s:14:"Failed/Skipped";s:7:"post_id";s:0:"";s:9:"post_link";a:2:{s:5:"title";s:11:"Sin título";s:8:"edit_url";b:0;}}
a:6:{s:3:"row";i:134;s:7:"message";s:71:"User with same Email already exists. Email: 25158448J@colegioaleman.com";s:6:"status";b:0;s:10:"status_msg";s:14:"Failed/Skipped";s:7:"post_id";s:0:"";s:9:"post_link";a:2:{s:5:"title";s:11:"Sin título";s:8:"edit_url";b:0;}}
a:6:{s:3:"row";i:135;s:7:"message";s:71:"User with same Email already exists. Email: 25455535D@colegioaleman.com";s:6:"status";b:0;s:10:"status_msg";s:14:"Failed/Skipped";s:7:"post_id";s:0:"";s:9:"post_link";a:2:{s:5:"title";s:11:"Sin título";s:8:"edit_url";b:0;}}
a:6:{s:3:"row";i:136;s:7:"message";s:71:"User with same Email already exists. Email: 29147785T@colegioaleman.com";s:6:"status";b:0;s:10:"status_msg";s:14:"Failed/Skipped";s:7:"post_id";s:0:"";s:9:"post_link";a:2:{s:5:"title";s:11:"Sin título";s:8:"edit_url";b:0;}}
a:6:{s:3:"row";i:137;s:7:"message";s:71:"User with same Email already exists. Email: 18016974Q@colegioaleman.com";s:6:"status";b:0;s:10:"status_msg";s:14:"Failed/Skipped";s:7:"post_id";s:0:"";s:9:"post_link";a:2:{s:5:"title";s:11:"Sin título";s:8:"edit_url";b:0;}}
a:6:{s:3:"row";i:138;s:7:"message";s:71:"User with same Email already exists. Email: 25432808Y@colegioaleman.com";s:6:"status";b:0;s:10:"status_msg";s:14:"Failed/Skipped";s:7:"post_id";s:0:"";s:9:"post_link";a:2:{s:5:"title";s:11:"Sin título";s:8:"edit_url";b:0;}}
a:6:{s:3:"row";i:139;s:7:"message";s:71:"User with same Email already exists. Email: 25154897G@colegioaleman.com";s:6:"status";b:0;s:10:"status_msg";s:14:"Failed/Skipped";s:7:"post_id";s:0:"";s:9:"post_link";a:2:{s:5:"title";s:11:"Sin título";s:8:"edit_url";b:0;}}
a:6:{s:3:"row";i:140;s:7:"message";s:71:"User with same Email already exists. Email: 18427047E@colegioaleman.com";s:6:"status";b:0;s:10:"status_msg";s:14:"Failed/Skipped";s:7:"post_id";s:0:"";s:9:"post_link";a:2:{s:5:"title";s:11:"Sin título";s:8:"edit_url";b:0;}}
a:6:{s:3:"row";i:141;s:7:"message";s:71:"User with same Email already exists. Email: 25141972M@colegioaleman.com";s:6:"status";b:0;s:10:"status_msg";s:14:"Failed/Skipped";s:7:"post_id";s:0:"";s:9:"post_link";a:2:{s:5:"title";s:11:"Sin título";s:8:"edit_url";b:0;}}
a:6:{s:3:"row";i:142;s:7:"message";s:71:"User with same Email already exists. Email: 17725121X@colegioaleman.com";s:6:"status";b:0;s:10:"status_msg";s:14:"Failed/Skipped";s:7:"post_id";s:0:"";s:9:"post_link";a:2:{s:5:"title";s:11:"Sin título";s:8:"edit_url";b:0;}}
a:6:{s:3:"row";i:143;s:7:"message";s:71:"User with same Email already exists. Email: 17733808A@colegioaleman.com";s:6:"status";b:0;s:10:"status_msg";s:14:"Failed/Skipped";s:7:"post_id";s:0:"";s:9:"post_link";a:2:{s:5:"title";s:11:"Sin título";s:8:"edit_url";b:0;}}
a:6:{s:3:"row";i:144;s:7:"message";s:71:"User with same Email already exists. Email: 73154982D@colegioaleman.com";s:6:"status";b:0;s:10:"status_msg";s:14:"Failed/Skipped";s:7:"post_id";s:0:"";s:9:"post_link";a:2:{s:5:"title";s:11:"Sin título";s:8:"edit_url";b:0;}}
a:6:{s:3:"row";i:145;s:7:"message";s:71:"User with same Email already exists. Email: 17748685E@colegioaleman.com";s:6:"status";b:0;s:10:"status_msg";s:14:"Failed/Skipped";s:7:"post_id";s:0:"";s:9:"post_link";a:2:{s:5:"title";s:11:"Sin título";s:8:"edit_url";b:0;}}
a:6:{s:3:"row";i:146;s:7:"message";s:71:"User with same Email already exists. Email: 43813939C@colegioaleman.com";s:6:"status";b:0;s:10:"status_msg";s:14:"Failed/Skipped";s:7:"post_id";s:0:"";s:9:"post_link";a:2:{s:5:"title";s:11:"Sin título";s:8:"edit_url";b:0;}}
a:6:{s:3:"row";i:147;s:7:"message";s:71:"User with same Email already exists. Email: 29110595R@colegioaleman.com";s:6:"status";b:0;s:10:"status_msg";s:14:"Failed/Skipped";s:7:"post_id";s:0:"";s:9:"post_link";a:2:{s:5:"title";s:11:"Sin título";s:8:"edit_url";b:0;}}
a:6:{s:3:"row";i:148;s:7:"message";s:71:"User with same Email already exists. Email: 17725943G@colegioaleman.com";s:6:"status";b:0;s:10:"status_msg";s:14:"Failed/Skipped";s:7:"post_id";s:0:"";s:9:"post_link";a:2:{s:5:"title";s:11:"Sin título";s:8:"edit_url";b:0;}}
a:6:{s:3:"row";i:149;s:7:"message";s:71:"User with same Email already exists. Email: 74191594B@colegioaleman.com";s:6:"status";b:0;s:10:"status_msg";s:14:"Failed/Skipped";s:7:"post_id";s:0:"";s:9:"post_link";a:2:{s:5:"title";s:11:"Sin título";s:8:"edit_url";b:0;}}
a:6:{s:3:"row";i:150;s:7:"message";s:71:"User with same Email already exists. Email: 29085523E@colegioaleman.com";s:6:"status";b:0;s:10:"status_msg";s:14:"Failed/Skipped";s:7:"post_id";s:0:"";s:9:"post_link";a:2:{s:5:"title";s:11:"Sin título";s:8:"edit_url";b:0;}}
a:6:{s:3:"row";i:151;s:7:"message";s:71:"User with same Email already exists. Email: 25165723C@colegioaleman.com";s:6:"status";b:0;s:10:"status_msg";s:14:"Failed/Skipped";s:7:"post_id";s:0:"";s:9:"post_link";a:2:{s:5:"title";s:11:"Sin título";s:8:"edit_url";b:0;}}
a:6:{s:3:"row";i:152;s:7:"message";s:71:"User with same Email already exists. Email: 25167425C@colegioaleman.com";s:6:"status";b:0;s:10:"status_msg";s:14:"Failed/Skipped";s:7:"post_id";s:0:"";s:9:"post_link";a:2:{s:5:"title";s:11:"Sin título";s:8:"edit_url";b:0;}}
a:6:{s:3:"row";i:153;s:7:"message";s:71:"User with same Email already exists. Email: 25447263V@colegioaleman.com";s:6:"status";b:0;s:10:"status_msg";s:14:"Failed/Skipped";s:7:"post_id";s:0:"";s:9:"post_link";a:2:{s:5:"title";s:11:"Sin título";s:8:"edit_url";b:0;}}
a:6:{s:3:"row";i:154;s:7:"message";s:71:"User with same Email already exists. Email: 25155024Q@colegioaleman.com";s:6:"status";b:0;s:10:"status_msg";s:14:"Failed/Skipped";s:7:"post_id";s:0:"";s:9:"post_link";a:2:{s:5:"title";s:11:"Sin título";s:8:"edit_url";b:0;}}
a:6:{s:3:"row";i:155;s:7:"message";s:71:"User with same Email already exists. Email: 25154678S@colegioaleman.com";s:6:"status";b:0;s:10:"status_msg";s:14:"Failed/Skipped";s:7:"post_id";s:0:"";s:9:"post_link";a:2:{s:5:"title";s:11:"Sin título";s:8:"edit_url";b:0;}}
a:6:{s:3:"row";i:156;s:7:"message";s:71:"User with same Email already exists. Email: 29101234R@colegioaleman.com";s:6:"status";b:0;s:10:"status_msg";s:14:"Failed/Skipped";s:7:"post_id";s:0:"";s:9:"post_link";a:2:{s:5:"title";s:11:"Sin título";s:8:"edit_url";b:0;}}
a:6:{s:3:"row";i:157;s:7:"message";s:71:"User with same Email already exists. Email: 25452502N@colegioaleman.com";s:6:"status";b:0;s:10:"status_msg";s:14:"Failed/Skipped";s:7:"post_id";s:0:"";s:9:"post_link";a:2:{s:5:"title";s:11:"Sin título";s:8:"edit_url";b:0;}}
a:6:{s:3:"row";i:158;s:7:"message";s:71:"User with same Email already exists. Email: 29114381S@colegioaleman.com";s:6:"status";b:0;s:10:"status_msg";s:14:"Failed/Skipped";s:7:"post_id";s:0:"";s:9:"post_link";a:2:{s:5:"title";s:11:"Sin título";s:8:"edit_url";b:0;}}
a:6:{s:3:"row";i:159;s:7:"message";s:71:"User with same Email already exists. Email: 29093750S@colegioaleman.com";s:6:"status";b:0;s:10:"status_msg";s:14:"Failed/Skipped";s:7:"post_id";s:0:"";s:9:"post_link";a:2:{s:5:"title";s:11:"Sin título";s:8:"edit_url";b:0;}}
a:6:{s:3:"row";i:160;s:7:"message";s:71:"User with same Email already exists. Email: 25430115G@colegioaleman.com";s:6:"status";b:0;s:10:"status_msg";s:14:"Failed/Skipped";s:7:"post_id";s:0:"";s:9:"post_link";a:2:{s:5:"title";s:11:"Sin título";s:8:"edit_url";b:0;}}
