09-05-2022 @ 08:03:54 - ---[ New import started at 2022-09-05 08:03:54 ] PHP Memory: 512 MB, WP Memory: 40 MB
09-05-2022 @ 08:03:54 - Preparing for import.
09-05-2022 @ 08:03:54 - Row :1 - Parsing item.
09-05-2022 @ 08:03:54 - > skipped: cannot insert user without email.
09-05-2022 @ 08:03:54 - Row :1 - Parsing failed. Reason: > skipped: cannot insert user without email.
09-05-2022 @ 08:03:54 - Row :2 - Parsing item.
09-05-2022 @ 08:03:54 - > skipped: cannot insert user without email.
09-05-2022 @ 08:03:54 - Row :2 - Parsing failed. Reason: > skipped: cannot insert user without email.
09-05-2022 @ 08:03:54 - Row :3 - Parsing item.
09-05-2022 @ 08:03:54 - > skipped: cannot insert user without email.
09-05-2022 @ 08:03:54 - Row :3 - Parsing failed. Reason: > skipped: cannot insert user without email.
09-05-2022 @ 08:03:54 - Row :4 - Parsing item.
09-05-2022 @ 08:03:54 - > skipped: cannot insert user without email.
09-05-2022 @ 08:03:54 - Row :4 - Parsing failed. Reason: > skipped: cannot insert user without email.
09-05-2022 @ 08:03:54 - Row :5 - Parsing item.
09-05-2022 @ 08:03:54 - > skipped: cannot insert user without email.
09-05-2022 @ 08:03:54 - Row :5 - Parsing failed. Reason: > skipped: cannot insert user without email.
09-05-2022 @ 08:03:54 - Row :6 - Parsing item.
09-05-2022 @ 08:03:54 - > skipped: cannot insert user without email.
09-05-2022 @ 08:03:54 - Row :6 - Parsing failed. Reason: > skipped: cannot insert user without email.
09-05-2022 @ 08:03:54 - Row :7 - Parsing item.
09-05-2022 @ 08:03:54 - > skipped: cannot insert user without email.
09-05-2022 @ 08:03:54 - Row :7 - Parsing failed. Reason: > skipped: cannot insert user without email.
09-05-2022 @ 08:03:54 - Row :8 - Parsing item.
09-05-2022 @ 08:03:54 - > skipped: cannot insert user without email.
09-05-2022 @ 08:03:54 - Row :8 - Parsing failed. Reason: > skipped: cannot insert user without email.
09-05-2022 @ 08:03:54 - Row :9 - Parsing item.
09-05-2022 @ 08:03:54 - > skipped: cannot insert user without email.
09-05-2022 @ 08:03:54 - Row :9 - Parsing failed. Reason: > skipped: cannot insert user without email.
09-05-2022 @ 08:03:54 - Row :10 - Parsing item.
09-05-2022 @ 08:03:54 - > skipped: cannot insert user without email.
09-05-2022 @ 08:03:54 - Row :10 - Parsing failed. Reason: > skipped: cannot insert user without email.
09-05-2022 @ 08:03:54 - Preparing for import.
09-05-2022 @ 08:03:54 - Row :11 - Parsing item.
09-05-2022 @ 08:03:54 - > skipped: cannot insert user without email.
09-05-2022 @ 08:03:54 - Row :11 - Parsing failed. Reason: > skipped: cannot insert user without email.
09-05-2022 @ 08:03:54 - Row :12 - Parsing item.
09-05-2022 @ 08:03:54 - > skipped: cannot insert user without email.
09-05-2022 @ 08:03:54 - Row :12 - Parsing failed. Reason: > skipped: cannot insert user without email.
09-05-2022 @ 08:03:54 - Row :13 - Parsing item.
09-05-2022 @ 08:03:54 - > skipped: cannot insert user without email.
09-05-2022 @ 08:03:54 - Row :13 - Parsing failed. Reason: > skipped: cannot insert user without email.
09-05-2022 @ 08:03:54 - Row :14 - Parsing item.
09-05-2022 @ 08:03:54 - > skipped: cannot insert user without email.
09-05-2022 @ 08:03:54 - Row :14 - Parsing failed. Reason: > skipped: cannot insert user without email.
09-05-2022 @ 08:03:54 - Row :15 - Parsing item.
09-05-2022 @ 08:03:54 - > skipped: cannot insert user without email.
09-05-2022 @ 08:03:54 - Row :15 - Parsing failed. Reason: > skipped: cannot insert user without email.
09-05-2022 @ 08:03:54 - Row :16 - Parsing item.
09-05-2022 @ 08:03:54 - > skipped: cannot insert user without email.
09-05-2022 @ 08:03:54 - Row :16 - Parsing failed. Reason: > skipped: cannot insert user without email.
09-05-2022 @ 08:03:54 - Row :17 - Parsing item.
09-05-2022 @ 08:03:54 - > skipped: cannot insert user without email.
09-05-2022 @ 08:03:54 - Row :17 - Parsing failed. Reason: > skipped: cannot insert user without email.
09-05-2022 @ 08:03:54 - Row :18 - Parsing item.
09-05-2022 @ 08:03:54 - > skipped: cannot insert user without email.
09-05-2022 @ 08:03:54 - Row :18 - Parsing failed. Reason: > skipped: cannot insert user without email.
09-05-2022 @ 08:03:54 - Row :19 - Parsing item.
09-05-2022 @ 08:03:54 - > skipped: cannot insert user without email.
09-05-2022 @ 08:03:54 - Row :19 - Parsing failed. Reason: > skipped: cannot insert user without email.
09-05-2022 @ 08:03:54 - Row :20 - Parsing item.
09-05-2022 @ 08:03:54 - > skipped: cannot insert user without email.
09-05-2022 @ 08:03:54 - Row :20 - Parsing failed. Reason: > skipped: cannot insert user without email.
09-05-2022 @ 08:03:55 - Preparing for import.
09-05-2022 @ 08:03:55 - Row :21 - Parsing item.
09-05-2022 @ 08:03:55 - > skipped: cannot insert user without email.
09-05-2022 @ 08:03:55 - Row :21 - Parsing failed. Reason: > skipped: cannot insert user without email.
09-05-2022 @ 08:03:55 - Row :22 - Parsing item.
09-05-2022 @ 08:03:55 - > skipped: cannot insert user without email.
09-05-2022 @ 08:03:55 - Row :22 - Parsing failed. Reason: > skipped: cannot insert user without email.
09-05-2022 @ 08:03:55 - Row :23 - Parsing item.
09-05-2022 @ 08:03:55 - > skipped: cannot insert user without email.
09-05-2022 @ 08:03:55 - Row :23 - Parsing failed. Reason: > skipped: cannot insert user without email.
09-05-2022 @ 08:03:55 - Row :24 - Parsing item.
09-05-2022 @ 08:03:55 - > skipped: cannot insert user without email.
09-05-2022 @ 08:03:55 - Row :24 - Parsing failed. Reason: > skipped: cannot insert user without email.
09-05-2022 @ 08:03:55 - Row :25 - Parsing item.
09-05-2022 @ 08:03:55 - > skipped: cannot insert user without email.
09-05-2022 @ 08:03:55 - Row :25 - Parsing failed. Reason: > skipped: cannot insert user without email.
09-05-2022 @ 08:03:55 - Row :26 - Parsing item.
09-05-2022 @ 08:03:55 - > skipped: cannot insert user without email.
09-05-2022 @ 08:03:55 - Row :26 - Parsing failed. Reason: > skipped: cannot insert user without email.
09-05-2022 @ 08:03:55 - Row :27 - Parsing item.
09-05-2022 @ 08:03:55 - > skipped: cannot insert user without email.
09-05-2022 @ 08:03:55 - Row :27 - Parsing failed. Reason: > skipped: cannot insert user without email.
09-05-2022 @ 08:03:55 - Row :28 - Parsing item.
09-05-2022 @ 08:03:55 - > skipped: cannot insert user without email.
09-05-2022 @ 08:03:55 - Row :28 - Parsing failed. Reason: > skipped: cannot insert user without email.
09-05-2022 @ 08:03:55 - Row :29 - Parsing item.
09-05-2022 @ 08:03:55 - > skipped: cannot insert user without email.
09-05-2022 @ 08:03:55 - Row :29 - Parsing failed. Reason: > skipped: cannot insert user without email.
09-05-2022 @ 08:03:55 - Row :30 - Parsing item.
09-05-2022 @ 08:03:55 - > skipped: cannot insert user without email.
09-05-2022 @ 08:03:55 - Row :30 - Parsing failed. Reason: > skipped: cannot insert user without email.
09-05-2022 @ 08:03:56 - Preparing for import.
09-05-2022 @ 08:03:56 - Row :31 - Parsing item.
09-05-2022 @ 08:03:56 - > skipped: cannot insert user without email.
09-05-2022 @ 08:03:56 - Row :31 - Parsing failed. Reason: > skipped: cannot insert user without email.
09-05-2022 @ 08:03:56 - Row :32 - Parsing item.
09-05-2022 @ 08:03:56 - > skipped: cannot insert user without email.
09-05-2022 @ 08:03:56 - Row :32 - Parsing failed. Reason: > skipped: cannot insert user without email.
09-05-2022 @ 08:03:56 - Row :33 - Parsing item.
09-05-2022 @ 08:03:56 - > skipped: cannot insert user without email.
09-05-2022 @ 08:03:56 - Row :33 - Parsing failed. Reason: > skipped: cannot insert user without email.
09-05-2022 @ 08:03:56 - Row :34 - Parsing item.
09-05-2022 @ 08:03:56 - > skipped: cannot insert user without email.
09-05-2022 @ 08:03:56 - Row :34 - Parsing failed. Reason: > skipped: cannot insert user without email.
09-05-2022 @ 08:03:56 - Row :35 - Parsing item.
09-05-2022 @ 08:03:56 - > skipped: cannot insert user without email.
09-05-2022 @ 08:03:56 - Row :35 - Parsing failed. Reason: > skipped: cannot insert user without email.
09-05-2022 @ 08:03:56 - Row :36 - Parsing item.
09-05-2022 @ 08:03:56 - > skipped: cannot insert user without email.
09-05-2022 @ 08:03:56 - Row :36 - Parsing failed. Reason: > skipped: cannot insert user without email.
09-05-2022 @ 08:03:56 - Row :37 - Parsing item.
09-05-2022 @ 08:03:56 - > skipped: cannot insert user without email.
09-05-2022 @ 08:03:56 - Row :37 - Parsing failed. Reason: > skipped: cannot insert user without email.
09-05-2022 @ 08:03:56 - Row :38 - Parsing item.
09-05-2022 @ 08:03:56 - > skipped: cannot insert user without email.
09-05-2022 @ 08:03:56 - Row :38 - Parsing failed. Reason: > skipped: cannot insert user without email.
09-05-2022 @ 08:03:56 - Row :39 - Parsing item.
09-05-2022 @ 08:03:56 - > skipped: cannot insert user without email.
09-05-2022 @ 08:03:56 - Row :39 - Parsing failed. Reason: > skipped: cannot insert user without email.
09-05-2022 @ 08:03:56 - Row :40 - Parsing item.
09-05-2022 @ 08:03:56 - > skipped: cannot insert user without email.
09-05-2022 @ 08:03:56 - Row :40 - Parsing failed. Reason: > skipped: cannot insert user without email.
09-05-2022 @ 08:03:56 - Preparing for import.
09-05-2022 @ 08:03:56 - Row :41 - Parsing item.
09-05-2022 @ 08:03:56 - > skipped: cannot insert user without email.
09-05-2022 @ 08:03:56 - Row :41 - Parsing failed. Reason: > skipped: cannot insert user without email.
09-05-2022 @ 08:03:56 - Row :42 - Parsing item.
09-05-2022 @ 08:03:56 - > skipped: cannot insert user without email.
09-05-2022 @ 08:03:56 - Row :42 - Parsing failed. Reason: > skipped: cannot insert user without email.
09-05-2022 @ 08:03:56 - Row :43 - Parsing item.
09-05-2022 @ 08:03:56 - > skipped: cannot insert user without email.
09-05-2022 @ 08:03:56 - Row :43 - Parsing failed. Reason: > skipped: cannot insert user without email.
09-05-2022 @ 08:03:56 - Row :44 - Parsing item.
09-05-2022 @ 08:03:56 - > skipped: cannot insert user without email.
09-05-2022 @ 08:03:56 - Row :44 - Parsing failed. Reason: > skipped: cannot insert user without email.
09-05-2022 @ 08:03:56 - Row :45 - Parsing item.
09-05-2022 @ 08:03:56 - > skipped: cannot insert user without email.
09-05-2022 @ 08:03:56 - Row :45 - Parsing failed. Reason: > skipped: cannot insert user without email.
09-05-2022 @ 08:03:56 - Row :46 - Parsing item.
09-05-2022 @ 08:03:56 - > skipped: cannot insert user without email.
09-05-2022 @ 08:03:56 - Row :46 - Parsing failed. Reason: > skipped: cannot insert user without email.
09-05-2022 @ 08:03:56 - Row :47 - Parsing item.
09-05-2022 @ 08:03:56 - > skipped: cannot insert user without email.
09-05-2022 @ 08:03:56 - Row :47 - Parsing failed. Reason: > skipped: cannot insert user without email.
09-05-2022 @ 08:03:56 - Row :48 - Parsing item.
09-05-2022 @ 08:03:56 - > skipped: cannot insert user without email.
09-05-2022 @ 08:03:56 - Row :48 - Parsing failed. Reason: > skipped: cannot insert user without email.
09-05-2022 @ 08:03:56 - Row :49 - Parsing item.
09-05-2022 @ 08:03:56 - > skipped: cannot insert user without email.
09-05-2022 @ 08:03:56 - Row :49 - Parsing failed. Reason: > skipped: cannot insert user without email.
09-05-2022 @ 08:03:56 - Row :50 - Parsing item.
09-05-2022 @ 08:03:56 - > skipped: cannot insert user without email.
09-05-2022 @ 08:03:56 - Row :50 - Parsing failed. Reason: > skipped: cannot insert user without email.
09-05-2022 @ 08:03:57 - Preparing for import.
09-05-2022 @ 08:03:57 - Row :51 - Parsing item.
09-05-2022 @ 08:03:57 - > skipped: cannot insert user without email.
09-05-2022 @ 08:03:57 - Row :51 - Parsing failed. Reason: > skipped: cannot insert user without email.
09-05-2022 @ 08:03:57 - Row :52 - Parsing item.
09-05-2022 @ 08:03:57 - > skipped: cannot insert user without email.
09-05-2022 @ 08:03:57 - Row :52 - Parsing failed. Reason: > skipped: cannot insert user without email.
09-05-2022 @ 08:03:57 - Row :53 - Parsing item.
09-05-2022 @ 08:03:57 - > skipped: cannot insert user without email.
09-05-2022 @ 08:03:57 - Row :53 - Parsing failed. Reason: > skipped: cannot insert user without email.
09-05-2022 @ 08:03:57 - Row :54 - Parsing item.
09-05-2022 @ 08:03:57 - > skipped: cannot insert user without email.
09-05-2022 @ 08:03:57 - Row :54 - Parsing failed. Reason: > skipped: cannot insert user without email.
09-05-2022 @ 08:03:57 - Row :55 - Parsing item.
09-05-2022 @ 08:03:57 - > skipped: cannot insert user without email.
09-05-2022 @ 08:03:57 - Row :55 - Parsing failed. Reason: > skipped: cannot insert user without email.
09-05-2022 @ 08:03:57 - Row :56 - Parsing item.
09-05-2022 @ 08:03:57 - > skipped: cannot insert user without email.
09-05-2022 @ 08:03:57 - Row :56 - Parsing failed. Reason: > skipped: cannot insert user without email.
09-05-2022 @ 08:03:57 - Row :57 - Parsing item.
09-05-2022 @ 08:03:57 - > skipped: cannot insert user without email.
09-05-2022 @ 08:03:57 - Row :57 - Parsing failed. Reason: > skipped: cannot insert user without email.
09-05-2022 @ 08:03:57 - Row :58 - Parsing item.
09-05-2022 @ 08:03:57 - > skipped: cannot insert user without email.
09-05-2022 @ 08:03:57 - Row :58 - Parsing failed. Reason: > skipped: cannot insert user without email.
09-05-2022 @ 08:03:57 - Row :59 - Parsing item.
09-05-2022 @ 08:03:57 - > skipped: cannot insert user without email.
09-05-2022 @ 08:03:57 - Row :59 - Parsing failed. Reason: > skipped: cannot insert user without email.
09-05-2022 @ 08:03:57 - Row :60 - Parsing item.
09-05-2022 @ 08:03:57 - > skipped: cannot insert user without email.
09-05-2022 @ 08:03:57 - Row :60 - Parsing failed. Reason: > skipped: cannot insert user without email.
09-05-2022 @ 08:03:57 - Preparing for import.
09-05-2022 @ 08:03:57 - Row :61 - Parsing item.
09-05-2022 @ 08:03:57 - > skipped: cannot insert user without email.
09-05-2022 @ 08:03:57 - Row :61 - Parsing failed. Reason: > skipped: cannot insert user without email.
09-05-2022 @ 08:03:57 - Row :62 - Parsing item.
09-05-2022 @ 08:03:57 - > skipped: cannot insert user without email.
09-05-2022 @ 08:03:57 - Row :62 - Parsing failed. Reason: > skipped: cannot insert user without email.
09-05-2022 @ 08:03:57 - Row :63 - Parsing item.
09-05-2022 @ 08:03:57 - > skipped: cannot insert user without email.
09-05-2022 @ 08:03:57 - Row :63 - Parsing failed. Reason: > skipped: cannot insert user without email.
09-05-2022 @ 08:03:57 - Row :64 - Parsing item.
09-05-2022 @ 08:03:57 - > skipped: cannot insert user without email.
09-05-2022 @ 08:03:57 - Row :64 - Parsing failed. Reason: > skipped: cannot insert user without email.
09-05-2022 @ 08:03:57 - Row :65 - Parsing item.
09-05-2022 @ 08:03:57 - > skipped: cannot insert user without email.
09-05-2022 @ 08:03:57 - Row :65 - Parsing failed. Reason: > skipped: cannot insert user without email.
09-05-2022 @ 08:03:57 - Row :66 - Parsing item.
09-05-2022 @ 08:03:57 - > skipped: cannot insert user without email.
09-05-2022 @ 08:03:57 - Row :66 - Parsing failed. Reason: > skipped: cannot insert user without email.
09-05-2022 @ 08:03:57 - Row :67 - Parsing item.
09-05-2022 @ 08:03:57 - > skipped: cannot insert user without email.
09-05-2022 @ 08:03:57 - Row :67 - Parsing failed. Reason: > skipped: cannot insert user without email.
09-05-2022 @ 08:03:57 - Row :68 - Parsing item.
09-05-2022 @ 08:03:57 - > skipped: cannot insert user without email.
09-05-2022 @ 08:03:57 - Row :68 - Parsing failed. Reason: > skipped: cannot insert user without email.
09-05-2022 @ 08:03:57 - Row :69 - Parsing item.
09-05-2022 @ 08:03:57 - > skipped: cannot insert user without email.
09-05-2022 @ 08:03:57 - Row :69 - Parsing failed. Reason: > skipped: cannot insert user without email.
09-05-2022 @ 08:03:57 - Row :70 - Parsing item.
09-05-2022 @ 08:03:57 - > skipped: cannot insert user without email.
09-05-2022 @ 08:03:57 - Row :70 - Parsing failed. Reason: > skipped: cannot insert user without email.
